p cnf 180 8526
1 2 3 4 5 6 7 8 9 10 11 12 13 14 15 16 17 18 19 20 21 22 23 24 25 26 27 28 29 30 0
31 32 33 34 35 36 37 38 39 40 41 42 43 44 45 46 47 48 49 50 51 52 53 54 55 56 57 58 59 60 0
61 62 63 64 65 66 67 68 69 70 71 72 73 74 75 76 77 78 79 80 81 82 83 84 85 86 87 88 89 90 0
91 92 93 94 95 96 97 98 99 100 101 102 103 104 105 106 107 108 109 110 111 112 113 114 115 116 117 118 119 120 0
121 122 123 124 125 126 127 128 129 130 131 132 133 134 135 136 137 138 139 140 141 142 143 144 145 146 147 148 149 150 0
151 152 153 154 155 156 157 158 159 160 161 162 163 164 165 166 167 168 169 170 171 172 173 174 175 176 177 178 179 180 0
-1 -2 0
-1 -3 0
-1 -4 0
-1 -5 0
-1 -6 0
-1 -7 0
-1 -8 0
-1 -9 0
-1 -10 0
-1 -11 0
-1 -12 0
-1 -13 0
-1 -14 0
-1 -15 0
-1 -16 0
-1 -17 0
-1 -18 0
-1 -19 0
-1 -20 0
-1 -21 0
-1 -22 0
-1 -23 0
-1 -24 0
-1 -25 0
-1 -26 0
-1 -27 0
-1 -28 0
-1 -29 0
-1 -30 0
-2 -3 0
-2 -4 0
-2 -5 0
-2 -6 0
-2 -7 0
-2 -8 0
-2 -9 0
-2 -10 0
-2 -11 0
-2 -12 0
-2 -13 0
-2 -14 0
-2 -15 0
-2 -16 0
-2 -17 0
-2 -18 0
-2 -19 0
-2 -20 0
-2 -21 0
-2 -22 0
-2 -23 0
-2 -24 0
-2 -25 0
-2 -26 0
-2 -27 0
-2 -28 0
-2 -29 0
-2 -30 0
-3 -4 0
-3 -5 0
-3 -6 0
-3 -7 0
-3 -8 0
-3 -9 0
-3 -10 0
-3 -11 0
-3 -12 0
-3 -13 0
-3 -14 0
-3 -15 0
-3 -16 0
-3 -17 0
-3 -18 0
-3 -19 0
-3 -20 0
-3 -21 0
-3 -22 0
-3 -23 0
-3 -24 0
-3 -25 0
-3 -26 0
-3 -27 0
-3 -28 0
-3 -29 0
-3 -30 0
-4 -5 0
-4 -6 0
-4 -7 0
-4 -8 0
-4 -9 0
-4 -10 0
-4 -11 0
-4 -12 0
-4 -13 0
-4 -14 0
-4 -15 0
-4 -16 0
-4 -17 0
-4 -18 0
-4 -19 0
-4 -20 0
-4 -21 0
-4 -22 0
-4 -23 0
-4 -24 0
-4 -25 0
-4 -26 0
-4 -27 0
-4 -28 0
-4 -29 0
-4 -30 0
-5 -6 0
-5 -7 0
-5 -8 0
-5 -9 0
-5 -10 0
-5 -11 0
-5 -12 0
-5 -13 0
-5 -14 0
-5 -15 0
-5 -16 0
-5 -17 0
-5 -18 0
-5 -19 0
-5 -20 0
-5 -21 0
-5 -22 0
-5 -23 0
-5 -24 0
-5 -25 0
-5 -26 0
-5 -27 0
-5 -28 0
-5 -29 0
-5 -30 0
-6 -7 0
-6 -8 0
-6 -9 0
-6 -10 0
-6 -11 0
-6 -12 0
-6 -13 0
-6 -14 0
-6 -15 0
-6 -16 0
-6 -17 0
-6 -18 0
-6 -19 0
-6 -20 0
-6 -21 0
-6 -22 0
-6 -23 0
-6 -24 0
-6 -25 0
-6 -26 0
-6 -27 0
-6 -28 0
-6 -29 0
-6 -30 0
-7 -8 0
-7 -9 0
-7 -10 0
-7 -11 0
-7 -12 0
-7 -13 0
-7 -14 0
-7 -15 0
-7 -16 0
-7 -17 0
-7 -18 0
-7 -19 0
-7 -20 0
-7 -21 0
-7 -22 0
-7 -23 0
-7 -24 0
-7 -25 0
-7 -26 0
-7 -27 0
-7 -28 0
-7 -29 0
-7 -30 0
-8 -9 0
-8 -10 0
-8 -11 0
-8 -12 0
-8 -13 0
-8 -14 0
-8 -15 0
-8 -16 0
-8 -17 0
-8 -18 0
-8 -19 0
-8 -20 0
-8 -21 0
-8 -22 0
-8 -23 0
-8 -24 0
-8 -25 0
-8 -26 0
-8 -27 0
-8 -28 0
-8 -29 0
-8 -30 0
-9 -10 0
-9 -11 0
-9 -12 0
-9 -13 0
-9 -14 0
-9 -15 0
-9 -16 0
-9 -17 0
-9 -18 0
-9 -19 0
-9 -20 0
-9 -21 0
-9 -22 0
-9 -23 0
-9 -24 0
-9 -25 0
-9 -26 0
-9 -27 0
-9 -28 0
-9 -29 0
-9 -30 0
-10 -11 0
-10 -12 0
-10 -13 0
-10 -14 0
-10 -15 0
-10 -16 0
-10 -17 0
-10 -18 0
-10 -19 0
-10 -20 0
-10 -21 0
-10 -22 0
-10 -23 0
-10 -24 0
-10 -25 0
-10 -26 0
-10 -27 0
-10 -28 0
-10 -29 0
-10 -30 0
-11 -12 0
-11 -13 0
-11 -14 0
-11 -15 0
-11 -16 0
-11 -17 0
-11 -18 0
-11 -19 0
-11 -20 0
-11 -21 0
-11 -22 0
-11 -23 0
-11 -24 0
-11 -25 0
-11 -26 0
-11 -27 0
-11 -28 0
-11 -29 0
-11 -30 0
-12 -13 0
-12 -14 0
-12 -15 0
-12 -16 0
-12 -17 0
-12 -18 0
-12 -19 0
-12 -20 0
-12 -21 0
-12 -22 0
-12 -23 0
-12 -24 0
-12 -25 0
-12 -26 0
-12 -27 0
-12 -28 0
-12 -29 0
-12 -30 0
-13 -14 0
-13 -15 0
-13 -16 0
-13 -17 0
-13 -18 0
-13 -19 0
-13 -20 0
-13 -21 0
-13 -22 0
-13 -23 0
-13 -24 0
-13 -25 0
-13 -26 0
-13 -27 0
-13 -28 0
-13 -29 0
-13 -30 0
-14 -15 0
-14 -16 0
-14 -17 0
-14 -18 0
-14 -19 0
-14 -20 0
-14 -21 0
-14 -22 0
-14 -23 0
-14 -24 0
-14 -25 0
-14 -26 0
-14 -27 0
-14 -28 0
-14 -29 0
-14 -30 0
-15 -16 0
-15 -17 0
-15 -18 0
-15 -19 0
-15 -20 0
-15 -21 0
-15 -22 0
-15 -23 0
-15 -24 0
-15 -25 0
-15 -26 0
-15 -27 0
-15 -28 0
-15 -29 0
-15 -30 0
-16 -17 0
-16 -18 0
-16 -19 0
-16 -20 0
-16 -21 0
-16 -22 0
-16 -23 0
-16 -24 0
-16 -25 0
-16 -26 0
-16 -27 0
-16 -28 0
-16 -29 0
-16 -30 0
-17 -18 0
-17 -19 0
-17 -20 0
-17 -21 0
-17 -22 0
-17 -23 0
-17 -24 0
-17 -25 0
-17 -26 0
-17 -27 0
-17 -28 0
-17 -29 0
-17 -30 0
-18 -19 0
-18 -20 0
-18 -21 0
-18 -22 0
-18 -23 0
-18 -24 0
-18 -25 0
-18 -26 0
-18 -27 0
-18 -28 0
-18 -29 0
-18 -30 0
-19 -20 0
-19 -21 0
-19 -22 0
-19 -23 0
-19 -24 0
-19 -25 0
-19 -26 0
-19 -27 0
-19 -28 0
-19 -29 0
-19 -30 0
-20 -21 0
-20 -22 0
-20 -23 0
-20 -24 0
-20 -25 0
-20 -26 0
-20 -27 0
-20 -28 0
-20 -29 0
-20 -30 0
-21 -22 0
-21 -23 0
-21 -24 0
-21 -25 0
-21 -26 0
-21 -27 0
-21 -28 0
-21 -29 0
-21 -30 0
-22 -23 0
-22 -24 0
-22 -25 0
-22 -26 0
-22 -27 0
-22 -28 0
-22 -29 0
-22 -30 0
-23 -24 0
-23 -25 0
-23 -26 0
-23 -27 0
-23 -28 0
-23 -29 0
-23 -30 0
-24 -25 0
-24 -26 0
-24 -27 0
-24 -28 0
-24 -29 0
-24 -30 0
-25 -26 0
-25 -27 0
-25 -28 0
-25 -29 0
-25 -30 0
-26 -27 0
-26 -28 0
-26 -29 0
-26 -30 0
-27 -28 0
-27 -29 0
-27 -30 0
-28 -29 0
-28 -30 0
-29 -30 0
-31 -32 0
-31 -33 0
-31 -34 0
-31 -35 0
-31 -36 0
-31 -37 0
-31 -38 0
-31 -39 0
-31 -40 0
-31 -41 0
-31 -42 0
-31 -43 0
-31 -44 0
-31 -45 0
-31 -46 0
-31 -47 0
-31 -48 0
-31 -49 0
-31 -50 0
-31 -51 0
-31 -52 0
-31 -53 0
-31 -54 0
-31 -55 0
-31 -56 0
-31 -57 0
-31 -58 0
-31 -59 0
-31 -60 0
-32 -33 0
-32 -34 0
-32 -35 0
-32 -36 0
-32 -37 0
-32 -38 0
-32 -39 0
-32 -40 0
-32 -41 0
-32 -42 0
-32 -43 0
-32 -44 0
-32 -45 0
-32 -46 0
-32 -47 0
-32 -48 0
-32 -49 0
-32 -50 0
-32 -51 0
-32 -52 0
-32 -53 0
-32 -54 0
-32 -55 0
-32 -56 0
-32 -57 0
-32 -58 0
-32 -59 0
-32 -60 0
-33 -34 0
-33 -35 0
-33 -36 0
-33 -37 0
-33 -38 0
-33 -39 0
-33 -40 0
-33 -41 0
-33 -42 0
-33 -43 0
-33 -44 0
-33 -45 0
-33 -46 0
-33 -47 0
-33 -48 0
-33 -49 0
-33 -50 0
-33 -51 0
-33 -52 0
-33 -53 0
-33 -54 0
-33 -55 0
-33 -56 0
-33 -57 0
-33 -58 0
-33 -59 0
-33 -60 0
-34 -35 0
-34 -36 0
-34 -37 0
-34 -38 0
-34 -39 0
-34 -40 0
-34 -41 0
-34 -42 0
-34 -43 0
-34 -44 0
-34 -45 0
-34 -46 0
-34 -47 0
-34 -48 0
-34 -49 0
-34 -50 0
-34 -51 0
-34 -52 0
-34 -53 0
-34 -54 0
-34 -55 0
-34 -56 0
-34 -57 0
-34 -58 0
-34 -59 0
-34 -60 0
-35 -36 0
-35 -37 0
-35 -38 0
-35 -39 0
-35 -40 0
-35 -41 0
-35 -42 0
-35 -43 0
-35 -44 0
-35 -45 0
-35 -46 0
-35 -47 0
-35 -48 0
-35 -49 0
-35 -50 0
-35 -51 0
-35 -52 0
-35 -53 0
-35 -54 0
-35 -55 0
-35 -56 0
-35 -57 0
-35 -58 0
-35 -59 0
-35 -60 0
-36 -37 0
-36 -38 0
-36 -39 0
-36 -40 0
-36 -41 0
-36 -42 0
-36 -43 0
-36 -44 0
-36 -45 0
-36 -46 0
-36 -47 0
-36 -48 0
-36 -49 0
-36 -50 0
-36 -51 0
-36 -52 0
-36 -53 0
-36 -54 0
-36 -55 0
-36 -56 0
-36 -57 0
-36 -58 0
-36 -59 0
-36 -60 0
-37 -38 0
-37 -39 0
-37 -40 0
-37 -41 0
-37 -42 0
-37 -43 0
-37 -44 0
-37 -45 0
-37 -46 0
-37 -47 0
-37 -48 0
-37 -49 0
-37 -50 0
-37 -51 0
-37 -52 0
-37 -53 0
-37 -54 0
-37 -55 0
-37 -56 0
-37 -57 0
-37 -58 0
-37 -59 0
-37 -60 0
-38 -39 0
-38 -40 0
-38 -41 0
-38 -42 0
-38 -43 0
-38 -44 0
-38 -45 0
-38 -46 0
-38 -47 0
-38 -48 0
-38 -49 0
-38 -50 0
-38 -51 0
-38 -52 0
-38 -53 0
-38 -54 0
-38 -55 0
-38 -56 0
-38 -57 0
-38 -58 0
-38 -59 0
-38 -60 0
-39 -40 0
-39 -41 0
-39 -42 0
-39 -43 0
-39 -44 0
-39 -45 0
-39 -46 0
-39 -47 0
-39 -48 0
-39 -49 0
-39 -50 0
-39 -51 0
-39 -52 0
-39 -53 0
-39 -54 0
-39 -55 0
-39 -56 0
-39 -57 0
-39 -58 0
-39 -59 0
-39 -60 0
-40 -41 0
-40 -42 0
-40 -43 0
-40 -44 0
-40 -45 0
-40 -46 0
-40 -47 0
-40 -48 0
-40 -49 0
-40 -50 0
-40 -51 0
-40 -52 0
-40 -53 0
-40 -54 0
-40 -55 0
-40 -56 0
-40 -57 0
-40 -58 0
-40 -59 0
-40 -60 0
-41 -42 0
-41 -43 0
-41 -44 0
-41 -45 0
-41 -46 0
-41 -47 0
-41 -48 0
-41 -49 0
-41 -50 0
-41 -51 0
-41 -52 0
-41 -53 0
-41 -54 0
-41 -55 0
-41 -56 0
-41 -57 0
-41 -58 0
-41 -59 0
-41 -60 0
-42 -43 0
-42 -44 0
-42 -45 0
-42 -46 0
-42 -47 0
-42 -48 0
-42 -49 0
-42 -50 0
-42 -51 0
-42 -52 0
-42 -53 0
-42 -54 0
-42 -55 0
-42 -56 0
-42 -57 0
-42 -58 0
-42 -59 0
-42 -60 0
-43 -44 0
-43 -45 0
-43 -46 0
-43 -47 0
-43 -48 0
-43 -49 0
-43 -50 0
-43 -51 0
-43 -52 0
-43 -53 0
-43 -54 0
-43 -55 0
-43 -56 0
-43 -57 0
-43 -58 0
-43 -59 0
-43 -60 0
-44 -45 0
-44 -46 0
-44 -47 0
-44 -48 0
-44 -49 0
-44 -50 0
-44 -51 0
-44 -52 0
-44 -53 0
-44 -54 0
-44 -55 0
-44 -56 0
-44 -57 0
-44 -58 0
-44 -59 0
-44 -60 0
-45 -46 0
-45 -47 0
-45 -48 0
-45 -49 0
-45 -50 0
-45 -51 0
-45 -52 0
-45 -53 0
-45 -54 0
-45 -55 0
-45 -56 0
-45 -57 0
-45 -58 0
-45 -59 0
-45 -60 0
-46 -47 0
-46 -48 0
-46 -49 0
-46 -50 0
-46 -51 0
-46 -52 0
-46 -53 0
-46 -54 0
-46 -55 0
-46 -56 0
-46 -57 0
-46 -58 0
-46 -59 0
-46 -60 0
-47 -48 0
-47 -49 0
-47 -50 0
-47 -51 0
-47 -52 0
-47 -53 0
-47 -54 0
-47 -55 0
-47 -56 0
-47 -57 0
-47 -58 0
-47 -59 0
-47 -60 0
-48 -49 0
-48 -50 0
-48 -51 0
-48 -52 0
-48 -53 0
-48 -54 0
-48 -55 0
-48 -56 0
-48 -57 0
-48 -58 0
-48 -59 0
-48 -60 0
-49 -50 0
-49 -51 0
-49 -52 0
-49 -53 0
-49 -54 0
-49 -55 0
-49 -56 0
-49 -57 0
-49 -58 0
-49 -59 0
-49 -60 0
-50 -51 0
-50 -52 0
-50 -53 0
-50 -54 0
-50 -55 0
-50 -56 0
-50 -57 0
-50 -58 0
-50 -59 0
-50 -60 0
-51 -52 0
-51 -53 0
-51 -54 0
-51 -55 0
-51 -56 0
-51 -57 0
-51 -58 0
-51 -59 0
-51 -60 0
-52 -53 0
-52 -54 0
-52 -55 0
-52 -56 0
-52 -57 0
-52 -58 0
-52 -59 0
-52 -60 0
-53 -54 0
-53 -55 0
-53 -56 0
-53 -57 0
-53 -58 0
-53 -59 0
-53 -60 0
-54 -55 0
-54 -56 0
-54 -57 0
-54 -58 0
-54 -59 0
-54 -60 0
-55 -56 0
-55 -57 0
-55 -58 0
-55 -59 0
-55 -60 0
-56 -57 0
-56 -58 0
-56 -59 0
-56 -60 0
-57 -58 0
-57 -59 0
-57 -60 0
-58 -59 0
-58 -60 0
-59 -60 0
-61 -62 0
-61 -63 0
-61 -64 0
-61 -65 0
-61 -66 0
-61 -67 0
-61 -68 0
-61 -69 0
-61 -70 0
-61 -71 0
-61 -72 0
-61 -73 0
-61 -74 0
-61 -75 0
-61 -76 0
-61 -77 0
-61 -78 0
-61 -79 0
-61 -80 0
-61 -81 0
-61 -82 0
-61 -83 0
-61 -84 0
-61 -85 0
-61 -86 0
-61 -87 0
-61 -88 0
-61 -89 0
-61 -90 0
-62 -63 0
-62 -64 0
-62 -65 0
-62 -66 0
-62 -67 0
-62 -68 0
-62 -69 0
-62 -70 0
-62 -71 0
-62 -72 0
-62 -73 0
-62 -74 0
-62 -75 0
-62 -76 0
-62 -77 0
-62 -78 0
-62 -79 0
-62 -80 0
-62 -81 0
-62 -82 0
-62 -83 0
-62 -84 0
-62 -85 0
-62 -86 0
-62 -87 0
-62 -88 0
-62 -89 0
-62 -90 0
-63 -64 0
-63 -65 0
-63 -66 0
-63 -67 0
-63 -68 0
-63 -69 0
-63 -70 0
-63 -71 0
-63 -72 0
-63 -73 0
-63 -74 0
-63 -75 0
-63 -76 0
-63 -77 0
-63 -78 0
-63 -79 0
-63 -80 0
-63 -81 0
-63 -82 0
-63 -83 0
-63 -84 0
-63 -85 0
-63 -86 0
-63 -87 0
-63 -88 0
-63 -89 0
-63 -90 0
-64 -65 0
-64 -66 0
-64 -67 0
-64 -68 0
-64 -69 0
-64 -70 0
-64 -71 0
-64 -72 0
-64 -73 0
-64 -74 0
-64 -75 0
-64 -76 0
-64 -77 0
-64 -78 0
-64 -79 0
-64 -80 0
-64 -81 0
-64 -82 0
-64 -83 0
-64 -84 0
-64 -85 0
-64 -86 0
-64 -87 0
-64 -88 0
-64 -89 0
-64 -90 0
-65 -66 0
-65 -67 0
-65 -68 0
-65 -69 0
-65 -70 0
-65 -71 0
-65 -72 0
-65 -73 0
-65 -74 0
-65 -75 0
-65 -76 0
-65 -77 0
-65 -78 0
-65 -79 0
-65 -80 0
-65 -81 0
-65 -82 0
-65 -83 0
-65 -84 0
-65 -85 0
-65 -86 0
-65 -87 0
-65 -88 0
-65 -89 0
-65 -90 0
-66 -67 0
-66 -68 0
-66 -69 0
-66 -70 0
-66 -71 0
-66 -72 0
-66 -73 0
-66 -74 0
-66 -75 0
-66 -76 0
-66 -77 0
-66 -78 0
-66 -79 0
-66 -80 0
-66 -81 0
-66 -82 0
-66 -83 0
-66 -84 0
-66 -85 0
-66 -86 0
-66 -87 0
-66 -88 0
-66 -89 0
-66 -90 0
-67 -68 0
-67 -69 0
-67 -70 0
-67 -71 0
-67 -72 0
-67 -73 0
-67 -74 0
-67 -75 0
-67 -76 0
-67 -77 0
-67 -78 0
-67 -79 0
-67 -80 0
-67 -81 0
-67 -82 0
-67 -83 0
-67 -84 0
-67 -85 0
-67 -86 0
-67 -87 0
-67 -88 0
-67 -89 0
-67 -90 0
-68 -69 0
-68 -70 0
-68 -71 0
-68 -72 0
-68 -73 0
-68 -74 0
-68 -75 0
-68 -76 0
-68 -77 0
-68 -78 0
-68 -79 0
-68 -80 0
-68 -81 0
-68 -82 0
-68 -83 0
-68 -84 0
-68 -85 0
-68 -86 0
-68 -87 0
-68 -88 0
-68 -89 0
-68 -90 0
-69 -70 0
-69 -71 0
-69 -72 0
-69 -73 0
-69 -74 0
-69 -75 0
-69 -76 0
-69 -77 0
-69 -78 0
-69 -79 0
-69 -80 0
-69 -81 0
-69 -82 0
-69 -83 0
-69 -84 0
-69 -85 0
-69 -86 0
-69 -87 0
-69 -88 0
-69 -89 0
-69 -90 0
-70 -71 0
-70 -72 0
-70 -73 0
-70 -74 0
-70 -75 0
-70 -76 0
-70 -77 0
-70 -78 0
-70 -79 0
-70 -80 0
-70 -81 0
-70 -82 0
-70 -83 0
-70 -84 0
-70 -85 0
-70 -86 0
-70 -87 0
-70 -88 0
-70 -89 0
-70 -90 0
-71 -72 0
-71 -73 0
-71 -74 0
-71 -75 0
-71 -76 0
-71 -77 0
-71 -78 0
-71 -79 0
-71 -80 0
-71 -81 0
-71 -82 0
-71 -83 0
-71 -84 0
-71 -85 0
-71 -86 0
-71 -87 0
-71 -88 0
-71 -89 0
-71 -90 0
-72 -73 0
-72 -74 0
-72 -75 0
-72 -76 0
-72 -77 0
-72 -78 0
-72 -79 0
-72 -80 0
-72 -81 0
-72 -82 0
-72 -83 0
-72 -84 0
-72 -85 0
-72 -86 0
-72 -87 0
-72 -88 0
-72 -89 0
-72 -90 0
-73 -74 0
-73 -75 0
-73 -76 0
-73 -77 0
-73 -78 0
-73 -79 0
-73 -80 0
-73 -81 0
-73 -82 0
-73 -83 0
-73 -84 0
-73 -85 0
-73 -86 0
-73 -87 0
-73 -88 0
-73 -89 0
-73 -90 0
-74 -75 0
-74 -76 0
-74 -77 0
-74 -78 0
-74 -79 0
-74 -80 0
-74 -81 0
-74 -82 0
-74 -83 0
-74 -84 0
-74 -85 0
-74 -86 0
-74 -87 0
-74 -88 0
-74 -89 0
-74 -90 0
-75 -76 0
-75 -77 0
-75 -78 0
-75 -79 0
-75 -80 0
-75 -81 0
-75 -82 0
-75 -83 0
-75 -84 0
-75 -85 0
-75 -86 0
-75 -87 0
-75 -88 0
-75 -89 0
-75 -90 0
-76 -77 0
-76 -78 0
-76 -79 0
-76 -80 0
-76 -81 0
-76 -82 0
-76 -83 0
-76 -84 0
-76 -85 0
-76 -86 0
-76 -87 0
-76 -88 0
-76 -89 0
-76 -90 0
-77 -78 0
-77 -79 0
-77 -80 0
-77 -81 0
-77 -82 0
-77 -83 0
-77 -84 0
-77 -85 0
-77 -86 0
-77 -87 0
-77 -88 0
-77 -89 0
-77 -90 0
-78 -79 0
-78 -80 0
-78 -81 0
-78 -82 0
-78 -83 0
-78 -84 0
-78 -85 0
-78 -86 0
-78 -87 0
-78 -88 0
-78 -89 0
-78 -90 0
-79 -80 0
-79 -81 0
-79 -82 0
-79 -83 0
-79 -84 0
-79 -85 0
-79 -86 0
-79 -87 0
-79 -88 0
-79 -89 0
-79 -90 0
-80 -81 0
-80 -82 0
-80 -83 0
-80 -84 0
-80 -85 0
-80 -86 0
-80 -87 0
-80 -88 0
-80 -89 0
-80 -90 0
-81 -82 0
-81 -83 0
-81 -84 0
-81 -85 0
-81 -86 0
-81 -87 0
-81 -88 0
-81 -89 0
-81 -90 0
-82 -83 0
-82 -84 0
-82 -85 0
-82 -86 0
-82 -87 0
-82 -88 0
-82 -89 0
-82 -90 0
-83 -84 0
-83 -85 0
-83 -86 0
-83 -87 0
-83 -88 0
-83 -89 0
-83 -90 0
-84 -85 0
-84 -86 0
-84 -87 0
-84 -88 0
-84 -89 0
-84 -90 0
-85 -86 0
-85 -87 0
-85 -88 0
-85 -89 0
-85 -90 0
-86 -87 0
-86 -88 0
-86 -89 0
-86 -90 0
-87 -88 0
-87 -89 0
-87 -90 0
-88 -89 0
-88 -90 0
-89 -90 0
-91 -92 0
-91 -93 0
-91 -94 0
-91 -95 0
-91 -96 0
-91 -97 0
-91 -98 0
-91 -99 0
-91 -100 0
-91 -101 0
-91 -102 0
-91 -103 0
-91 -104 0
-91 -105 0
-91 -106 0
-91 -107 0
-91 -108 0
-91 -109 0
-91 -110 0
-91 -111 0
-91 -112 0
-91 -113 0
-91 -114 0
-91 -115 0
-91 -116 0
-91 -117 0
-91 -118 0
-91 -119 0
-91 -120 0
-92 -93 0
-92 -94 0
-92 -95 0
-92 -96 0
-92 -97 0
-92 -98 0
-92 -99 0
-92 -100 0
-92 -101 0
-92 -102 0
-92 -103 0
-92 -104 0
-92 -105 0
-92 -106 0
-92 -107 0
-92 -108 0
-92 -109 0
-92 -110 0
-92 -111 0
-92 -112 0
-92 -113 0
-92 -114 0
-92 -115 0
-92 -116 0
-92 -117 0
-92 -118 0
-92 -119 0
-92 -120 0
-93 -94 0
-93 -95 0
-93 -96 0
-93 -97 0
-93 -98 0
-93 -99 0
-93 -100 0
-93 -101 0
-93 -102 0
-93 -103 0
-93 -104 0
-93 -105 0
-93 -106 0
-93 -107 0
-93 -108 0
-93 -109 0
-93 -110 0
-93 -111 0
-93 -112 0
-93 -113 0
-93 -114 0
-93 -115 0
-93 -116 0
-93 -117 0
-93 -118 0
-93 -119 0
-93 -120 0
-94 -95 0
-94 -96 0
-94 -97 0
-94 -98 0
-94 -99 0
-94 -100 0
-94 -101 0
-94 -102 0
-94 -103 0
-94 -104 0
-94 -105 0
-94 -106 0
-94 -107 0
-94 -108 0
-94 -109 0
-94 -110 0
-94 -111 0
-94 -112 0
-94 -113 0
-94 -114 0
-94 -115 0
-94 -116 0
-94 -117 0
-94 -118 0
-94 -119 0
-94 -120 0
-95 -96 0
-95 -97 0
-95 -98 0
-95 -99 0
-95 -100 0
-95 -101 0
-95 -102 0
-95 -103 0
-95 -104 0
-95 -105 0
-95 -106 0
-95 -107 0
-95 -108 0
-95 -109 0
-95 -110 0
-95 -111 0
-95 -112 0
-95 -113 0
-95 -114 0
-95 -115 0
-95 -116 0
-95 -117 0
-95 -118 0
-95 -119 0
-95 -120 0
-96 -97 0
-96 -98 0
-96 -99 0
-96 -100 0
-96 -101 0
-96 -102 0
-96 -103 0
-96 -104 0
-96 -105 0
-96 -106 0
-96 -107 0
-96 -108 0
-96 -109 0
-96 -110 0
-96 -111 0
-96 -112 0
-96 -113 0
-96 -114 0
-96 -115 0
-96 -116 0
-96 -117 0
-96 -118 0
-96 -119 0
-96 -120 0
-97 -98 0
-97 -99 0
-97 -100 0
-97 -101 0
-97 -102 0
-97 -103 0
-97 -104 0
-97 -105 0
-97 -106 0
-97 -107 0
-97 -108 0
-97 -109 0
-97 -110 0
-97 -111 0
-97 -112 0
-97 -113 0
-97 -114 0
-97 -115 0
-97 -116 0
-97 -117 0
-97 -118 0
-97 -119 0
-97 -120 0
-98 -99 0
-98 -100 0
-98 -101 0
-98 -102 0
-98 -103 0
-98 -104 0
-98 -105 0
-98 -106 0
-98 -107 0
-98 -108 0
-98 -109 0
-98 -110 0
-98 -111 0
-98 -112 0
-98 -113 0
-98 -114 0
-98 -115 0
-98 -116 0
-98 -117 0
-98 -118 0
-98 -119 0
-98 -120 0
-99 -100 0
-99 -101 0
-99 -102 0
-99 -103 0
-99 -104 0
-99 -105 0
-99 -106 0
-99 -107 0
-99 -108 0
-99 -109 0
-99 -110 0
-99 -111 0
-99 -112 0
-99 -113 0
-99 -114 0
-99 -115 0
-99 -116 0
-99 -117 0
-99 -118 0
-99 -119 0
-99 -120 0
-100 -101 0
-100 -102 0
-100 -103 0
-100 -104 0
-100 -105 0
-100 -106 0
-100 -107 0
-100 -108 0
-100 -109 0
-100 -110 0
-100 -111 0
-100 -112 0
-100 -113 0
-100 -114 0
-100 -115 0
-100 -116 0
-100 -117 0
-100 -118 0
-100 -119 0
-100 -120 0
-101 -102 0
-101 -103 0
-101 -104 0
-101 -105 0
-101 -106 0
-101 -107 0
-101 -108 0
-101 -109 0
-101 -110 0
-101 -111 0
-101 -112 0
-101 -113 0
-101 -114 0
-101 -115 0
-101 -116 0
-101 -117 0
-101 -118 0
-101 -119 0
-101 -120 0
-102 -103 0
-102 -104 0
-102 -105 0
-102 -106 0
-102 -107 0
-102 -108 0
-102 -109 0
-102 -110 0
-102 -111 0
-102 -112 0
-102 -113 0
-102 -114 0
-102 -115 0
-102 -116 0
-102 -117 0
-102 -118 0
-102 -119 0
-102 -120 0
-103 -104 0
-103 -105 0
-103 -106 0
-103 -107 0
-103 -108 0
-103 -109 0
-103 -110 0
-103 -111 0
-103 -112 0
-103 -113 0
-103 -114 0
-103 -115 0
-103 -116 0
-103 -117 0
-103 -118 0
-103 -119 0
-103 -120 0
-104 -105 0
-104 -106 0
-104 -107 0
-104 -108 0
-104 -109 0
-104 -110 0
-104 -111 0
-104 -112 0
-104 -113 0
-104 -114 0
-104 -115 0
-104 -116 0
-104 -117 0
-104 -118 0
-104 -119 0
-104 -120 0
-105 -106 0
-105 -107 0
-105 -108 0
-105 -109 0
-105 -110 0
-105 -111 0
-105 -112 0
-105 -113 0
-105 -114 0
-105 -115 0
-105 -116 0
-105 -117 0
-105 -118 0
-105 -119 0
-105 -120 0
-106 -107 0
-106 -108 0
-106 -109 0
-106 -110 0
-106 -111 0
-106 -112 0
-106 -113 0
-106 -114 0
-106 -115 0
-106 -116 0
-106 -117 0
-106 -118 0
-106 -119 0
-106 -120 0
-107 -108 0
-107 -109 0
-107 -110 0
-107 -111 0
-107 -112 0
-107 -113 0
-107 -114 0
-107 -115 0
-107 -116 0
-107 -117 0
-107 -118 0
-107 -119 0
-107 -120 0
-108 -109 0
-108 -110 0
-108 -111 0
-108 -112 0
-108 -113 0
-108 -114 0
-108 -115 0
-108 -116 0
-108 -117 0
-108 -118 0
-108 -119 0
-108 -120 0
-109 -110 0
-109 -111 0
-109 -112 0
-109 -113 0
-109 -114 0
-109 -115 0
-109 -116 0
-109 -117 0
-109 -118 0
-109 -119 0
-109 -120 0
-110 -111 0
-110 -112 0
-110 -113 0
-110 -114 0
-110 -115 0
-110 -116 0
-110 -117 0
-110 -118 0
-110 -119 0
-110 -120 0
-111 -112 0
-111 -113 0
-111 -114 0
-111 -115 0
-111 -116 0
-111 -117 0
-111 -118 0
-111 -119 0
-111 -120 0
-112 -113 0
-112 -114 0
-112 -115 0
-112 -116 0
-112 -117 0
-112 -118 0
-112 -119 0
-112 -120 0
-113 -114 0
-113 -115 0
-113 -116 0
-113 -117 0
-113 -118 0
-113 -119 0
-113 -120 0
-114 -115 0
-114 -116 0
-114 -117 0
-114 -118 0
-114 -119 0
-114 -120 0
-115 -116 0
-115 -117 0
-115 -118 0
-115 -119 0
-115 -120 0
-116 -117 0
-116 -118 0
-116 -119 0
-116 -120 0
-117 -118 0
-117 -119 0
-117 -120 0
-118 -119 0
-118 -120 0
-119 -120 0
-121 -122 0
-121 -123 0
-121 -124 0
-121 -125 0
-121 -126 0
-121 -127 0
-121 -128 0
-121 -129 0
-121 -130 0
-121 -131 0
-121 -132 0
-121 -133 0
-121 -134 0
-121 -135 0
-121 -136 0
-121 -137 0
-121 -138 0
-121 -139 0
-121 -140 0
-121 -141 0
-121 -142 0
-121 -143 0
-121 -144 0
-121 -145 0
-121 -146 0
-121 -147 0
-121 -148 0
-121 -149 0
-121 -150 0
-122 -123 0
-122 -124 0
-122 -125 0
-122 -126 0
-122 -127 0
-122 -128 0
-122 -129 0
-122 -130 0
-122 -131 0
-122 -132 0
-122 -133 0
-122 -134 0
-122 -135 0
-122 -136 0
-122 -137 0
-122 -138 0
-122 -139 0
-122 -140 0
-122 -141 0
-122 -142 0
-122 -143 0
-122 -144 0
-122 -145 0
-122 -146 0
-122 -147 0
-122 -148 0
-122 -149 0
-122 -150 0
-123 -124 0
-123 -125 0
-123 -126 0
-123 -127 0
-123 -128 0
-123 -129 0
-123 -130 0
-123 -131 0
-123 -132 0
-123 -133 0
-123 -134 0
-123 -135 0
-123 -136 0
-123 -137 0
-123 -138 0
-123 -139 0
-123 -140 0
-123 -141 0
-123 -142 0
-123 -143 0
-123 -144 0
-123 -145 0
-123 -146 0
-123 -147 0
-123 -148 0
-123 -149 0
-123 -150 0
-124 -125 0
-124 -126 0
-124 -127 0
-124 -128 0
-124 -129 0
-124 -130 0
-124 -131 0
-124 -132 0
-124 -133 0
-124 -134 0
-124 -135 0
-124 -136 0
-124 -137 0
-124 -138 0
-124 -139 0
-124 -140 0
-124 -141 0
-124 -142 0
-124 -143 0
-124 -144 0
-124 -145 0
-124 -146 0
-124 -147 0
-124 -148 0
-124 -149 0
-124 -150 0
-125 -126 0
-125 -127 0
-125 -128 0
-125 -129 0
-125 -130 0
-125 -131 0
-125 -132 0
-125 -133 0
-125 -134 0
-125 -135 0
-125 -136 0
-125 -137 0
-125 -138 0
-125 -139 0
-125 -140 0
-125 -141 0
-125 -142 0
-125 -143 0
-125 -144 0
-125 -145 0
-125 -146 0
-125 -147 0
-125 -148 0
-125 -149 0
-125 -150 0
-126 -127 0
-126 -128 0
-126 -129 0
-126 -130 0
-126 -131 0
-126 -132 0
-126 -133 0
-126 -134 0
-126 -135 0
-126 -136 0
-126 -137 0
-126 -138 0
-126 -139 0
-126 -140 0
-126 -141 0
-126 -142 0
-126 -143 0
-126 -144 0
-126 -145 0
-126 -146 0
-126 -147 0
-126 -148 0
-126 -149 0
-126 -150 0
-127 -128 0
-127 -129 0
-127 -130 0
-127 -131 0
-127 -132 0
-127 -133 0
-127 -134 0
-127 -135 0
-127 -136 0
-127 -137 0
-127 -138 0
-127 -139 0
-127 -140 0
-127 -141 0
-127 -142 0
-127 -143 0
-127 -144 0
-127 -145 0
-127 -146 0
-127 -147 0
-127 -148 0
-127 -149 0
-127 -150 0
-128 -129 0
-128 -130 0
-128 -131 0
-128 -132 0
-128 -133 0
-128 -134 0
-128 -135 0
-128 -136 0
-128 -137 0
-128 -138 0
-128 -139 0
-128 -140 0
-128 -141 0
-128 -142 0
-128 -143 0
-128 -144 0
-128 -145 0
-128 -146 0
-128 -147 0
-128 -148 0
-128 -149 0
-128 -150 0
-129 -130 0
-129 -131 0
-129 -132 0
-129 -133 0
-129 -134 0
-129 -135 0
-129 -136 0
-129 -137 0
-129 -138 0
-129 -139 0
-129 -140 0
-129 -141 0
-129 -142 0
-129 -143 0
-129 -144 0
-129 -145 0
-129 -146 0
-129 -147 0
-129 -148 0
-129 -149 0
-129 -150 0
-130 -131 0
-130 -132 0
-130 -133 0
-130 -134 0
-130 -135 0
-130 -136 0
-130 -137 0
-130 -138 0
-130 -139 0
-130 -140 0
-130 -141 0
-130 -142 0
-130 -143 0
-130 -144 0
-130 -145 0
-130 -146 0
-130 -147 0
-130 -148 0
-130 -149 0
-130 -150 0
-131 -132 0
-131 -133 0
-131 -134 0
-131 -135 0
-131 -136 0
-131 -137 0
-131 -138 0
-131 -139 0
-131 -140 0
-131 -141 0
-131 -142 0
-131 -143 0
-131 -144 0
-131 -145 0
-131 -146 0
-131 -147 0
-131 -148 0
-131 -149 0
-131 -150 0
-132 -133 0
-132 -134 0
-132 -135 0
-132 -136 0
-132 -137 0
-132 -138 0
-132 -139 0
-132 -140 0
-132 -141 0
-132 -142 0
-132 -143 0
-132 -144 0
-132 -145 0
-132 -146 0
-132 -147 0
-132 -148 0
-132 -149 0
-132 -150 0
-133 -134 0
-133 -135 0
-133 -136 0
-133 -137 0
-133 -138 0
-133 -139 0
-133 -140 0
-133 -141 0
-133 -142 0
-133 -143 0
-133 -144 0
-133 -145 0
-133 -146 0
-133 -147 0
-133 -148 0
-133 -149 0
-133 -150 0
-134 -135 0
-134 -136 0
-134 -137 0
-134 -138 0
-134 -139 0
-134 -140 0
-134 -141 0
-134 -142 0
-134 -143 0
-134 -144 0
-134 -145 0
-134 -146 0
-134 -147 0
-134 -148 0
-134 -149 0
-134 -150 0
-135 -136 0
-135 -137 0
-135 -138 0
-135 -139 0
-135 -140 0
-135 -141 0
-135 -142 0
-135 -143 0
-135 -144 0
-135 -145 0
-135 -146 0
-135 -147 0
-135 -148 0
-135 -149 0
-135 -150 0
-136 -137 0
-136 -138 0
-136 -139 0
-136 -140 0
-136 -141 0
-136 -142 0
-136 -143 0
-136 -144 0
-136 -145 0
-136 -146 0
-136 -147 0
-136 -148 0
-136 -149 0
-136 -150 0
-137 -138 0
-137 -139 0
-137 -140 0
-137 -141 0
-137 -142 0
-137 -143 0
-137 -144 0
-137 -145 0
-137 -146 0
-137 -147 0
-137 -148 0
-137 -149 0
-137 -150 0
-138 -139 0
-138 -140 0
-138 -141 0
-138 -142 0
-138 -143 0
-138 -144 0
-138 -145 0
-138 -146 0
-138 -147 0
-138 -148 0
-138 -149 0
-138 -150 0
-139 -140 0
-139 -141 0
-139 -142 0
-139 -143 0
-139 -144 0
-139 -145 0
-139 -146 0
-139 -147 0
-139 -148 0
-139 -149 0
-139 -150 0
-140 -141 0
-140 -142 0
-140 -143 0
-140 -144 0
-140 -145 0
-140 -146 0
-140 -147 0
-140 -148 0
-140 -149 0
-140 -150 0
-141 -142 0
-141 -143 0
-141 -144 0
-141 -145 0
-141 -146 0
-141 -147 0
-141 -148 0
-141 -149 0
-141 -150 0
-142 -143 0
-142 -144 0
-142 -145 0
-142 -146 0
-142 -147 0
-142 -148 0
-142 -149 0
-142 -150 0
-143 -144 0
-143 -145 0
-143 -146 0
-143 -147 0
-143 -148 0
-143 -149 0
-143 -150 0
-144 -145 0
-144 -146 0
-144 -147 0
-144 -148 0
-144 -149 0
-144 -150 0
-145 -146 0
-145 -147 0
-145 -148 0
-145 -149 0
-145 -150 0
-146 -147 0
-146 -148 0
-146 -149 0
-146 -150 0
-147 -148 0
-147 -149 0
-147 -150 0
-148 -149 0
-148 -150 0
-149 -150 0
-151 -152 0
-151 -153 0
-151 -154 0
-151 -155 0
-151 -156 0
-151 -157 0
-151 -158 0
-151 -159 0
-151 -160 0
-151 -161 0
-151 -162 0
-151 -163 0
-151 -164 0
-151 -165 0
-151 -166 0
-151 -167 0
-151 -168 0
-151 -169 0
-151 -170 0
-151 -171 0
-151 -172 0
-151 -173 0
-151 -174 0
-151 -175 0
-151 -176 0
-151 -177 0
-151 -178 0
-151 -179 0
-151 -180 0
-152 -153 0
-152 -154 0
-152 -155 0
-152 -156 0
-152 -157 0
-152 -158 0
-152 -159 0
-152 -160 0
-152 -161 0
-152 -162 0
-152 -163 0
-152 -164 0
-152 -165 0
-152 -166 0
-152 -167 0
-152 -168 0
-152 -169 0
-152 -170 0
-152 -171 0
-152 -172 0
-152 -173 0
-152 -174 0
-152 -175 0
-152 -176 0
-152 -177 0
-152 -178 0
-152 -179 0
-152 -180 0
-153 -154 0
-153 -155 0
-153 -156 0
-153 -157 0
-153 -158 0
-153 -159 0
-153 -160 0
-153 -161 0
-153 -162 0
-153 -163 0
-153 -164 0
-153 -165 0
-153 -166 0
-153 -167 0
-153 -168 0
-153 -169 0
-153 -170 0
-153 -171 0
-153 -172 0
-153 -173 0
-153 -174 0
-153 -175 0
-153 -176 0
-153 -177 0
-153 -178 0
-153 -179 0
-153 -180 0
-154 -155 0
-154 -156 0
-154 -157 0
-154 -158 0
-154 -159 0
-154 -160 0
-154 -161 0
-154 -162 0
-154 -163 0
-154 -164 0
-154 -165 0
-154 -166 0
-154 -167 0
-154 -168 0
-154 -169 0
-154 -170 0
-154 -171 0
-154 -172 0
-154 -173 0
-154 -174 0
-154 -175 0
-154 -176 0
-154 -177 0
-154 -178 0
-154 -179 0
-154 -180 0
-155 -156 0
-155 -157 0
-155 -158 0
-155 -159 0
-155 -160 0
-155 -161 0
-155 -162 0
-155 -163 0
-155 -164 0
-155 -165 0
-155 -166 0
-155 -167 0
-155 -168 0
-155 -169 0
-155 -170 0
-155 -171 0
-155 -172 0
-155 -173 0
-155 -174 0
-155 -175 0
-155 -176 0
-155 -177 0
-155 -178 0
-155 -179 0
-155 -180 0
-156 -157 0
-156 -158 0
-156 -159 0
-156 -160 0
-156 -161 0
-156 -162 0
-156 -163 0
-156 -164 0
-156 -165 0
-156 -166 0
-156 -167 0
-156 -168 0
-156 -169 0
-156 -170 0
-156 -171 0
-156 -172 0
-156 -173 0
-156 -174 0
-156 -175 0
-156 -176 0
-156 -177 0
-156 -178 0
-156 -179 0
-156 -180 0
-157 -158 0
-157 -159 0
-157 -160 0
-157 -161 0
-157 -162 0
-157 -163 0
-157 -164 0
-157 -165 0
-157 -166 0
-157 -167 0
-157 -168 0
-157 -169 0
-157 -170 0
-157 -171 0
-157 -172 0
-157 -173 0
-157 -174 0
-157 -175 0
-157 -176 0
-157 -177 0
-157 -178 0
-157 -179 0
-157 -180 0
-158 -159 0
-158 -160 0
-158 -161 0
-158 -162 0
-158 -163 0
-158 -164 0
-158 -165 0
-158 -166 0
-158 -167 0
-158 -168 0
-158 -169 0
-158 -170 0
-158 -171 0
-158 -172 0
-158 -173 0
-158 -174 0
-158 -175 0
-158 -176 0
-158 -177 0
-158 -178 0
-158 -179 0
-158 -180 0
-159 -160 0
-159 -161 0
-159 -162 0
-159 -163 0
-159 -164 0
-159 -165 0
-159 -166 0
-159 -167 0
-159 -168 0
-159 -169 0
-159 -170 0
-159 -171 0
-159 -172 0
-159 -173 0
-159 -174 0
-159 -175 0
-159 -176 0
-159 -177 0
-159 -178 0
-159 -179 0
-159 -180 0
-160 -161 0
-160 -162 0
-160 -163 0
-160 -164 0
-160 -165 0
-160 -166 0
-160 -167 0
-160 -168 0
-160 -169 0
-160 -170 0
-160 -171 0
-160 -172 0
-160 -173 0
-160 -174 0
-160 -175 0
-160 -176 0
-160 -177 0
-160 -178 0
-160 -179 0
-160 -180 0
-161 -162 0
-161 -163 0
-161 -164 0
-161 -165 0
-161 -166 0
-161 -167 0
-161 -168 0
-161 -169 0
-161 -170 0
-161 -171 0
-161 -172 0
-161 -173 0
-161 -174 0
-161 -175 0
-161 -176 0
-161 -177 0
-161 -178 0
-161 -179 0
-161 -180 0
-162 -163 0
-162 -164 0
-162 -165 0
-162 -166 0
-162 -167 0
-162 -168 0
-162 -169 0
-162 -170 0
-162 -171 0
-162 -172 0
-162 -173 0
-162 -174 0
-162 -175 0
-162 -176 0
-162 -177 0
-162 -178 0
-162 -179 0
-162 -180 0
-163 -164 0
-163 -165 0
-163 -166 0
-163 -167 0
-163 -168 0
-163 -169 0
-163 -170 0
-163 -171 0
-163 -172 0
-163 -173 0
-163 -174 0
-163 -175 0
-163 -176 0
-163 -177 0
-163 -178 0
-163 -179 0
-163 -180 0
-164 -165 0
-164 -166 0
-164 -167 0
-164 -168 0
-164 -169 0
-164 -170 0
-164 -171 0
-164 -172 0
-164 -173 0
-164 -174 0
-164 -175 0
-164 -176 0
-164 -177 0
-164 -178 0
-164 -179 0
-164 -180 0
-165 -166 0
-165 -167 0
-165 -168 0
-165 -169 0
-165 -170 0
-165 -171 0
-165 -172 0
-165 -173 0
-165 -174 0
-165 -175 0
-165 -176 0
-165 -177 0
-165 -178 0
-165 -179 0
-165 -180 0
-166 -167 0
-166 -168 0
-166 -169 0
-166 -170 0
-166 -171 0
-166 -172 0
-166 -173 0
-166 -174 0
-166 -175 0
-166 -176 0
-166 -177 0
-166 -178 0
-166 -179 0
-166 -180 0
-167 -168 0
-167 -169 0
-167 -170 0
-167 -171 0
-167 -172 0
-167 -173 0
-167 -174 0
-167 -175 0
-167 -176 0
-167 -177 0
-167 -178 0
-167 -179 0
-167 -180 0
-168 -169 0
-168 -170 0
-168 -171 0
-168 -172 0
-168 -173 0
-168 -174 0
-168 -175 0
-168 -176 0
-168 -177 0
-168 -178 0
-168 -179 0
-168 -180 0
-169 -170 0
-169 -171 0
-169 -172 0
-169 -173 0
-169 -174 0
-169 -175 0
-169 -176 0
-169 -177 0
-169 -178 0
-169 -179 0
-169 -180 0
-170 -171 0
-170 -172 0
-170 -173 0
-170 -174 0
-170 -175 0
-170 -176 0
-170 -177 0
-170 -178 0
-170 -179 0
-170 -180 0
-171 -172 0
-171 -173 0
-171 -174 0
-171 -175 0
-171 -176 0
-171 -177 0
-171 -178 0
-171 -179 0
-171 -180 0
-172 -173 0
-172 -174 0
-172 -175 0
-172 -176 0
-172 -177 0
-172 -178 0
-172 -179 0
-172 -180 0
-173 -174 0
-173 -175 0
-173 -176 0
-173 -177 0
-173 -178 0
-173 -179 0
-173 -180 0
-174 -175 0
-174 -176 0
-174 -177 0
-174 -178 0
-174 -179 0
-174 -180 0
-175 -176 0
-175 -177 0
-175 -178 0
-175 -179 0
-175 -180 0
-176 -177 0
-176 -178 0
-176 -179 0
-176 -180 0
-177 -178 0
-177 -179 0
-177 -180 0
-178 -179 0
-178 -180 0
-179 -180 0
-1 -31 0
-1 -61 0
-1 -91 0
-1 -121 0
-1 -151 0
-31 -61 0
-31 -91 0
-31 -121 0
-31 -151 0
-61 -91 0
-61 -121 0
-61 -151 0
-91 -121 0
-91 -151 0
-121 -151 0
-2 -32 0
-2 -62 0
-2 -92 0
-2 -122 0
-2 -152 0
-32 -62 0
-32 -92 0
-32 -122 0
-32 -152 0
-62 -92 0
-62 -122 0
-62 -152 0
-92 -122 0
-92 -152 0
-122 -152 0
-3 -33 0
-3 -63 0
-3 -93 0
-3 -123 0
-3 -153 0
-33 -63 0
-33 -93 0
-33 -123 0
-33 -153 0
-63 -93 0
-63 -123 0
-63 -153 0
-93 -123 0
-93 -153 0
-123 -153 0
-4 -34 0
-4 -64 0
-4 -94 0
-4 -124 0
-4 -154 0
-34 -64 0
-34 -94 0
-34 -124 0
-34 -154 0
-64 -94 0
-64 -124 0
-64 -154 0
-94 -124 0
-94 -154 0
-124 -154 0
-5 -35 0
-5 -65 0
-5 -95 0
-5 -125 0
-5 -155 0
-35 -65 0
-35 -95 0
-35 -125 0
-35 -155 0
-65 -95 0
-65 -125 0
-65 -155 0
-95 -125 0
-95 -155 0
-125 -155 0
-6 -36 0
-6 -66 0
-6 -96 0
-6 -126 0
-6 -156 0
-36 -66 0
-36 -96 0
-36 -126 0
-36 -156 0
-66 -96 0
-66 -126 0
-66 -156 0
-96 -126 0
-96 -156 0
-126 -156 0
-7 -37 0
-7 -67 0
-7 -97 0
-7 -127 0
-7 -157 0
-37 -67 0
-37 -97 0
-37 -127 0
-37 -157 0
-67 -97 0
-67 -127 0
-67 -157 0
-97 -127 0
-97 -157 0
-127 -157 0
-8 -38 0
-8 -68 0
-8 -98 0
-8 -128 0
-8 -158 0
-38 -68 0
-38 -98 0
-38 -128 0
-38 -158 0
-68 -98 0
-68 -128 0
-68 -158 0
-98 -128 0
-98 -158 0
-128 -158 0
-9 -39 0
-9 -69 0
-9 -99 0
-9 -129 0
-9 -159 0
-39 -69 0
-39 -99 0
-39 -129 0
-39 -159 0
-69 -99 0
-69 -129 0
-69 -159 0
-99 -129 0
-99 -159 0
-129 -159 0
-10 -40 0
-10 -70 0
-10 -100 0
-10 -130 0
-10 -160 0
-40 -70 0
-40 -100 0
-40 -130 0
-40 -160 0
-70 -100 0
-70 -130 0
-70 -160 0
-100 -130 0
-100 -160 0
-130 -160 0
-11 -41 0
-11 -71 0
-11 -101 0
-11 -131 0
-11 -161 0
-41 -71 0
-41 -101 0
-41 -131 0
-41 -161 0
-71 -101 0
-71 -131 0
-71 -161 0
-101 -131 0
-101 -161 0
-131 -161 0
-12 -42 0
-12 -72 0
-12 -102 0
-12 -132 0
-12 -162 0
-42 -72 0
-42 -102 0
-42 -132 0
-42 -162 0
-72 -102 0
-72 -132 0
-72 -162 0
-102 -132 0
-102 -162 0
-132 -162 0
-13 -43 0
-13 -73 0
-13 -103 0
-13 -133 0
-13 -163 0
-43 -73 0
-43 -103 0
-43 -133 0
-43 -163 0
-73 -103 0
-73 -133 0
-73 -163 0
-103 -133 0
-103 -163 0
-133 -163 0
-14 -44 0
-14 -74 0
-14 -104 0
-14 -134 0
-14 -164 0
-44 -74 0
-44 -104 0
-44 -134 0
-44 -164 0
-74 -104 0
-74 -134 0
-74 -164 0
-104 -134 0
-104 -164 0
-134 -164 0
-15 -45 0
-15 -75 0
-15 -105 0
-15 -135 0
-15 -165 0
-45 -75 0
-45 -105 0
-45 -135 0
-45 -165 0
-75 -105 0
-75 -135 0
-75 -165 0
-105 -135 0
-105 -165 0
-135 -165 0
-16 -46 0
-16 -76 0
-16 -106 0
-16 -136 0
-16 -166 0
-46 -76 0
-46 -106 0
-46 -136 0
-46 -166 0
-76 -106 0
-76 -136 0
-76 -166 0
-106 -136 0
-106 -166 0
-136 -166 0
-17 -47 0
-17 -77 0
-17 -107 0
-17 -137 0
-17 -167 0
-47 -77 0
-47 -107 0
-47 -137 0
-47 -167 0
-77 -107 0
-77 -137 0
-77 -167 0
-107 -137 0
-107 -167 0
-137 -167 0
-18 -48 0
-18 -78 0
-18 -108 0
-18 -138 0
-18 -168 0
-48 -78 0
-48 -108 0
-48 -138 0
-48 -168 0
-78 -108 0
-78 -138 0
-78 -168 0
-108 -138 0
-108 -168 0
-138 -168 0
-19 -49 0
-19 -79 0
-19 -109 0
-19 -139 0
-19 -169 0
-49 -79 0
-49 -109 0
-49 -139 0
-49 -169 0
-79 -109 0
-79 -139 0
-79 -169 0
-109 -139 0
-109 -169 0
-139 -169 0
-20 -50 0
-20 -80 0
-20 -110 0
-20 -140 0
-20 -170 0
-50 -80 0
-50 -110 0
-50 -140 0
-50 -170 0
-80 -110 0
-80 -140 0
-80 -170 0
-110 -140 0
-110 -170 0
-140 -170 0
-21 -51 0
-21 -81 0
-21 -111 0
-21 -141 0
-21 -171 0
-51 -81 0
-51 -111 0
-51 -141 0
-51 -171 0
-81 -111 0
-81 -141 0
-81 -171 0
-111 -141 0
-111 -171 0
-141 -171 0
-22 -52 0
-22 -82 0
-22 -112 0
-22 -142 0
-22 -172 0
-52 -82 0
-52 -112 0
-52 -142 0
-52 -172 0
-82 -112 0
-82 -142 0
-82 -172 0
-112 -142 0
-112 -172 0
-142 -172 0
-23 -53 0
-23 -83 0
-23 -113 0
-23 -143 0
-23 -173 0
-53 -83 0
-53 -113 0
-53 -143 0
-53 -173 0
-83 -113 0
-83 -143 0
-83 -173 0
-113 -143 0
-113 -173 0
-143 -173 0
-24 -54 0
-24 -84 0
-24 -114 0
-24 -144 0
-24 -174 0
-54 -84 0
-54 -114 0
-54 -144 0
-54 -174 0
-84 -114 0
-84 -144 0
-84 -174 0
-114 -144 0
-114 -174 0
-144 -174 0
-25 -55 0
-25 -85 0
-25 -115 0
-25 -145 0
-25 -175 0
-55 -85 0
-55 -115 0
-55 -145 0
-55 -175 0
-85 -115 0
-85 -145 0
-85 -175 0
-115 -145 0
-115 -175 0
-145 -175 0
-26 -56 0
-26 -86 0
-26 -116 0
-26 -146 0
-26 -176 0
-56 -86 0
-56 -116 0
-56 -146 0
-56 -176 0
-86 -116 0
-86 -146 0
-86 -176 0
-116 -146 0
-116 -176 0
-146 -176 0
-27 -57 0
-27 -87 0
-27 -117 0
-27 -147 0
-27 -177 0
-57 -87 0
-57 -117 0
-57 -147 0
-57 -177 0
-87 -117 0
-87 -147 0
-87 -177 0
-117 -147 0
-117 -177 0
-147 -177 0
-28 -58 0
-28 -88 0
-28 -118 0
-28 -148 0
-28 -178 0
-58 -88 0
-58 -118 0
-58 -148 0
-58 -178 0
-88 -118 0
-88 -148 0
-88 -178 0
-118 -148 0
-118 -178 0
-148 -178 0
-29 -59 0
-29 -89 0
-29 -119 0
-29 -149 0
-29 -179 0
-59 -89 0
-59 -119 0
-59 -149 0
-59 -179 0
-89 -119 0
-89 -149 0
-89 -179 0
-119 -149 0
-119 -179 0
-149 -179 0
-30 -60 0
-30 -90 0
-30 -120 0
-30 -150 0
-30 -180 0
-60 -90 0
-60 -120 0
-60 -150 0
-60 -180 0
-90 -120 0
-90 -150 0
-90 -180 0
-120 -150 0
-120 -180 0
-150 -180 0
-1 -35 0
-1 -36 0
-1 -38 0
-1 -39 0
-1 -48 0
-1 -54 0
-1 -58 0
-1 -59 0
-1 -60 0
-2 -35 0
-2 -49 0
-2 -50 0
-2 -51 0
-2 -59 0
-2 -60 0
-3 -36 0
-3 -37 0
-3 -39 0
-3 -47 0
-3 -50 0
-3 -51 0
-3 -52 0
-3 -53 0
-3 -56 0
-3 -57 0
-3 -59 0
-3 -60 0
-4 -35 0
-4 -36 0
-4 -40 0
-4 -44 0
-4 -48 0
-4 -57 0
-4 -59 0
-4 -60 0
-5 -31 0
-5 -32 0
-5 -34 0
-5 -41 0
-5 -47 0
-5 -49 0
-5 -52 0
-5 -54 0
-5 -55 0
-5 -59 0
-5 -60 0
-6 -31 0
-6 -33 0
-6 -34 0
-6 -37 0
-6 -39 0
-6 -44 0
-6 -49 0
-6 -52 0
-6 -54 0
-6 -57 0
-6 -59 0
-6 -60 0
-7 -33 0
-7 -36 0
-7 -41 0
-7 -42 0
-7 -46 0
-7 -48 0
-7 -49 0
-7 -56 0
-7 -58 0
-7 -59 0
-7 -60 0
-8 -31 0
-8 -40 0
-8 -44 0
-8 -45 0
-8 -46 0
-8 -51 0
-8 -53 0
-8 -54 0
-8 -55 0
-8 -59 0
-8 -60 0
-9 -31 0
-9 -33 0
-9 -36 0
-9 -41 0
-9 -42 0
-9 -43 0
-9 -44 0
-9 -46 0
-9 -47 0
-9 -49 0
-9 -50 0
-9 -53 0
-9 -55 0
-9 -57 0
-9 -59 0
-9 -60 0
-10 -34 0
-10 -38 0
-10 -41 0
-10 -46 0
-10 -59 0
-10 -60 0
-11 -35 0
-11 -37 0
-11 -39 0
-11 -40 0
-11 -48 0
-11 -50 0
-11 -52 0
-11 -59 0
-11 -60 0
-12 -37 0
-12 -39 0
-12 -44 0
-12 -49 0
-12 -52 0
-12 -53 0
-12 -54 0
-12 -55 0
-12 -59 0
-12 -60 0
-13 -39 0
-13 -45 0
-13 -48 0
-13 -53 0
-13 -56 0
-13 -59 0
-13 -60 0
-14 -34 0
-14 -36 0
-14 -38 0
-14 -39 0
-14 -42 0
-14 -46 0
-14 -50 0
-14 -53 0
-14 -54 0
-14 -56 0
-14 -58 0
-14 -59 0
-14 -60 0
-15 -38 0
-15 -43 0
-15 -46 0
-15 -50 0
-15 -51 0
-15 -54 0
-15 -55 0
-15 -59 0
-15 -60 0
-16 -37 0
-16 -38 0
-16 -39 0
-16 -40 0
-16 -44 0
-16 -45 0
-16 -49 0
-16 -52 0
-16 -54 0
-16 -56 0
-16 -57 0
-16 -58 0
-16 -59 0
-16 -60 0
-17 -33 0
-17 -35 0
-17 -39 0
-17 -52 0
-17 -53 0
-17 -54 0
-17 -55 0
-17 -56 0
-17 -57 0
-17 -59 0
-17 -60 0
-18 -31 0
-18 -34 0
-18 -37 0
-18 -41 0
-18 -43 0
-18 -49 0
-18 -52 0
-18 -54 0
-18 -55 0
-18 -56 0
-18 -59 0
-18 -60 0
-19 -32 0
-19 -35 0
-19 -36 0
-19 -37 0
-19 -39 0
-19 -42 0
-19 -46 0
-19 -48 0
-19 -51 0
-19 -52 0
-19 -54 0
-19 -55 0
-19 -58 0
-19 -59 0
-19 -60 0
-20 -32 0
-20 -33 0
-20 -39 0
-20 -41 0
-20 -44 0
-20 -45 0
-20 -52 0
-20 -53 0
-20 -57 0
-20 -58 0
-20 -59 0
-20 -60 0
-21 -32 0
-21 -33 0
-21 -38 0
-21 -45 0
-21 -49 0
-21 -53 0
-21 -59 0
-21 -60 0
-22 -33 0
-22 -35 0
-22 -36 0
-22 -41 0
-22 -42 0
-22 -46 0
-22 -47 0
-22 -48 0
-22 -49 0
-22 -50 0
-22 -56 0
-22 -59 0
-22 -60 0
-23 -33 0
-23 -38 0
-23 -39 0
-23 -42 0
-23 -43 0
-23 -44 0
-23 -47 0
-23 -50 0
-23 -51 0
-23 -54 0
-23 -58 0
-23 -59 0
-23 -60 0
-24 -31 0
-24 -35 0
-24 -36 0
-24 -38 0
-24 -42 0
-24 -44 0
-24 -45 0
-24 -46 0
-24 -47 0
-24 -48 0
-24 -49 0
-24 -53 0
-24 -57 0
-24 -58 0
-24 -59 0
-24 -60 0
-25 -35 0
-25 -38 0
-25 -39 0
-25 -42 0
-25 -45 0
-25 -47 0
-25 -48 0
-25 -49 0
-25 -59 0
-25 -60 0
-26 -33 0
-26 -37 0
-26 -43 0
-26 -44 0
-26 -46 0
-26 -47 0
-26 -48 0
-26 -52 0
-26 -59 0
-26 -60 0
-27 -33 0
-27 -34 0
-27 -36 0
-27 -39 0
-27 -46 0
-27 -47 0
-27 -50 0
-27 -54 0
-27 -58 0
-27 -59 0
-27 -60 0
-28 -31 0
-28 -37 0
-28 -44 0
-28 -46 0
-28 -49 0
-28 -50 0
-28 -53 0
-28 -54 0
-28 -57 0
-28 -59 0
-28 -60 0
-29 -31 0
-29 -32 0
-29 -33 0
-29 -34 0
-29 -35 0
-29 -36 0
-29 -37 0
-29 -38 0
-29 -39 0
-29 -40 0
-29 -41 0
-29 -42 0
-29 -43 0
-29 -44 0
-29 -45 0
-29 -46 0
-29 -47 0
-29 -48 0
-29 -49 0
-29 -50 0
-29 -51 0
-29 -52 0
-29 -53 0
-29 -54 0
-29 -55 0
-29 -56 0
-29 -57 0
-29 -58 0
-29 -60 0
-30 -31 0
-30 -32 0
-30 -33 0
-30 -34 0
-30 -35 0
-30 -36 0
-30 -37 0
-30 -38 0
-30 -39 0
-30 -40 0
-30 -41 0
-30 -42 0
-30 -43 0
-30 -44 0
-30 -45 0
-30 -46 0
-30 -47 0
-30 -48 0
-30 -49 0
-30 -50 0
-30 -51 0
-30 -52 0
-30 -53 0
-30 -54 0
-30 -55 0
-30 -56 0
-30 -57 0
-30 -58 0
-30 -59 0
-1 -65 0
-1 -66 0
-1 -68 0
-1 -69 0
-1 -78 0
-1 -84 0
-1 -88 0
-1 -89 0
-1 -90 0
-2 -65 0
-2 -79 0
-2 -80 0
-2 -81 0
-2 -89 0
-2 -90 0
-3 -66 0
-3 -67 0
-3 -69 0
-3 -77 0
-3 -80 0
-3 -81 0
-3 -82 0
-3 -83 0
-3 -86 0
-3 -87 0
-3 -89 0
-3 -90 0
-4 -65 0
-4 -66 0
-4 -70 0
-4 -74 0
-4 -78 0
-4 -87 0
-4 -89 0
-4 -90 0
-5 -61 0
-5 -62 0
-5 -64 0
-5 -71 0
-5 -77 0
-5 -79 0
-5 -82 0
-5 -84 0
-5 -85 0
-5 -89 0
-5 -90 0
-6 -61 0
-6 -63 0
-6 -64 0
-6 -67 0
-6 -69 0
-6 -74 0
-6 -79 0
-6 -82 0
-6 -84 0
-6 -87 0
-6 -89 0
-6 -90 0
-7 -63 0
-7 -66 0
-7 -71 0
-7 -72 0
-7 -76 0
-7 -78 0
-7 -79 0
-7 -86 0
-7 -88 0
-7 -89 0
-7 -90 0
-8 -61 0
-8 -70 0
-8 -74 0
-8 -75 0
-8 -76 0
-8 -81 0
-8 -83 0
-8 -84 0
-8 -85 0
-8 -89 0
-8 -90 0
-9 -61 0
-9 -63 0
-9 -66 0
-9 -71 0
-9 -72 0
-9 -73 0
-9 -74 0
-9 -76 0
-9 -77 0
-9 -79 0
-9 -80 0
-9 -83 0
-9 -85 0
-9 -87 0
-9 -89 0
-9 -90 0
-10 -64 0
-10 -68 0
-10 -71 0
-10 -76 0
-10 -89 0
-10 -90 0
-11 -65 0
-11 -67 0
-11 -69 0
-11 -70 0
-11 -78 0
-11 -80 0
-11 -82 0
-11 -89 0
-11 -90 0
-12 -67 0
-12 -69 0
-12 -74 0
-12 -79 0
-12 -82 0
-12 -83 0
-12 -84 0
-12 -85 0
-12 -89 0
-12 -90 0
-13 -69 0
-13 -75 0
-13 -78 0
-13 -83 0
-13 -86 0
-13 -89 0
-13 -90 0
-14 -64 0
-14 -66 0
-14 -68 0
-14 -69 0
-14 -72 0
-14 -76 0
-14 -80 0
-14 -83 0
-14 -84 0
-14 -86 0
-14 -88 0
-14 -89 0
-14 -90 0
-15 -68 0
-15 -73 0
-15 -76 0
-15 -80 0
-15 -81 0
-15 -84 0
-15 -85 0
-15 -89 0
-15 -90 0
-16 -67 0
-16 -68 0
-16 -69 0
-16 -70 0
-16 -74 0
-16 -75 0
-16 -79 0
-16 -82 0
-16 -84 0
-16 -86 0
-16 -87 0
-16 -88 0
-16 -89 0
-16 -90 0
-17 -63 0
-17 -65 0
-17 -69 0
-17 -82 0
-17 -83 0
-17 -84 0
-17 -85 0
-17 -86 0
-17 -87 0
-17 -89 0
-17 -90 0
-18 -61 0
-18 -64 0
-18 -67 0
-18 -71 0
-18 -73 0
-18 -79 0
-18 -82 0
-18 -84 0
-18 -85 0
-18 -86 0
-18 -89 0
-18 -90 0
-19 -62 0
-19 -65 0
-19 -66 0
-19 -67 0
-19 -69 0
-19 -72 0
-19 -76 0
-19 -78 0
-19 -81 0
-19 -82 0
-19 -84 0
-19 -85 0
-19 -88 0
-19 -89 0
-19 -90 0
-20 -62 0
-20 -63 0
-20 -69 0
-20 -71 0
-20 -74 0
-20 -75 0
-20 -82 0
-20 -83 0
-20 -87 0
-20 -88 0
-20 -89 0
-20 -90 0
-21 -62 0
-21 -63 0
-21 -68 0
-21 -75 0
-21 -79 0
-21 -83 0
-21 -89 0
-21 -90 0
-22 -63 0
-22 -65 0
-22 -66 0
-22 -71 0
-22 -72 0
-22 -76 0
-22 -77 0
-22 -78 0
-22 -79 0
-22 -80 0
-22 -86 0
-22 -89 0
-22 -90 0
-23 -63 0
-23 -68 0
-23 -69 0
-23 -72 0
-23 -73 0
-23 -74 0
-23 -77 0
-23 -80 0
-23 -81 0
-23 -84 0
-23 -88 0
-23 -89 0
-23 -90 0
-24 -61 0
-24 -65 0
-24 -66 0
-24 -68 0
-24 -72 0
-24 -74 0
-24 -75 0
-24 -76 0
-24 -77 0
-24 -78 0
-24 -79 0
-24 -83 0
-24 -87 0
-24 -88 0
-24 -89 0
-24 -90 0
-25 -65 0
-25 -68 0
-25 -69 0
-25 -72 0
-25 -75 0
-25 -77 0
-25 -78 0
-25 -79 0
-25 -89 0
-25 -90 0
-26 -63 0
-26 -67 0
-26 -73 0
-26 -74 0
-26 -76 0
-26 -77 0
-26 -78 0
-26 -82 0
-26 -89 0
-26 -90 0
-27 -63 0
-27 -64 0
-27 -66 0
-27 -69 0
-27 -76 0
-27 -77 0
-27 -80 0
-27 -84 0
-27 -88 0
-27 -89 0
-27 -90 0
-28 -61 0
-28 -67 0
-28 -74 0
-28 -76 0
-28 -79 0
-28 -80 0
-28 -83 0
-28 -84 0
-28 -87 0
-28 -89 0
-28 -90 0
-29 -61 0
-29 -62 0
-29 -63 0
-29 -64 0
-29 -65 0
-29 -66 0
-29 -67 0
-29 -68 0
-29 -69 0
-29 -70 0
-29 -71 0
-29 -72 0
-29 -73 0
-29 -74 0
-29 -75 0
-29 -76 0
-29 -77 0
-29 -78 0
-29 -79 0
-29 -80 0
-29 -81 0
-29 -82 0
-29 -83 0
-29 -84 0
-29 -85 0
-29 -86 0
-29 -87 0
-29 -88 0
-29 -90 0
-30 -61 0
-30 -62 0
-30 -63 0
-30 -64 0
-30 -65 0
-30 -66 0
-30 -67 0
-30 -68 0
-30 -69 0
-30 -70 0
-30 -71 0
-30 -72 0
-30 -73 0
-30 -74 0
-30 -75 0
-30 -76 0
-30 -77 0
-30 -78 0
-30 -79 0
-30 -80 0
-30 -81 0
-30 -82 0
-30 -83 0
-30 -84 0
-30 -85 0
-30 -86 0
-30 -87 0
-30 -88 0
-30 -89 0
-1 -95 0
-1 -96 0
-1 -98 0
-1 -99 0
-1 -108 0
-1 -114 0
-1 -118 0
-1 -119 0
-1 -120 0
-2 -95 0
-2 -109 0
-2 -110 0
-2 -111 0
-2 -119 0
-2 -120 0
-3 -96 0
-3 -97 0
-3 -99 0
-3 -107 0
-3 -110 0
-3 -111 0
-3 -112 0
-3 -113 0
-3 -116 0
-3 -117 0
-3 -119 0
-3 -120 0
-4 -95 0
-4 -96 0
-4 -100 0
-4 -104 0
-4 -108 0
-4 -117 0
-4 -119 0
-4 -120 0
-5 -91 0
-5 -92 0
-5 -94 0
-5 -101 0
-5 -107 0
-5 -109 0
-5 -112 0
-5 -114 0
-5 -115 0
-5 -119 0
-5 -120 0
-6 -91 0
-6 -93 0
-6 -94 0
-6 -97 0
-6 -99 0
-6 -104 0
-6 -109 0
-6 -112 0
-6 -114 0
-6 -117 0
-6 -119 0
-6 -120 0
-7 -93 0
-7 -96 0
-7 -101 0
-7 -102 0
-7 -106 0
-7 -108 0
-7 -109 0
-7 -116 0
-7 -118 0
-7 -119 0
-7 -120 0
-8 -91 0
-8 -100 0
-8 -104 0
-8 -105 0
-8 -106 0
-8 -111 0
-8 -113 0
-8 -114 0
-8 -115 0
-8 -119 0
-8 -120 0
-9 -91 0
-9 -93 0
-9 -96 0
-9 -101 0
-9 -102 0
-9 -103 0
-9 -104 0
-9 -106 0
-9 -107 0
-9 -109 0
-9 -110 0
-9 -113 0
-9 -115 0
-9 -117 0
-9 -119 0
-9 -120 0
-10 -94 0
-10 -98 0
-10 -101 0
-10 -106 0
-10 -119 0
-10 -120 0
-11 -95 0
-11 -97 0
-11 -99 0
-11 -100 0
-11 -108 0
-11 -110 0
-11 -112 0
-11 -119 0
-11 -120 0
-12 -97 0
-12 -99 0
-12 -104 0
-12 -109 0
-12 -112 0
-12 -113 0
-12 -114 0
-12 -115 0
-12 -119 0
-12 -120 0
-13 -99 0
-13 -105 0
-13 -108 0
-13 -113 0
-13 -116 0
-13 -119 0
-13 -120 0
-14 -94 0
-14 -96 0
-14 -98 0
-14 -99 0
-14 -102 0
-14 -106 0
-14 -110 0
-14 -113 0
-14 -114 0
-14 -116 0
-14 -118 0
-14 -119 0
-14 -120 0
-15 -98 0
-15 -103 0
-15 -106 0
-15 -110 0
-15 -111 0
-15 -114 0
-15 -115 0
-15 -119 0
-15 -120 0
-16 -97 0
-16 -98 0
-16 -99 0
-16 -100 0
-16 -104 0
-16 -105 0
-16 -109 0
-16 -112 0
-16 -114 0
-16 -116 0
-16 -117 0
-16 -118 0
-16 -119 0
-16 -120 0
-17 -93 0
-17 -95 0
-17 -99 0
-17 -112 0
-17 -113 0
-17 -114 0
-17 -115 0
-17 -116 0
-17 -117 0
-17 -119 0
-17 -120 0
-18 -91 0
-18 -94 0
-18 -97 0
-18 -101 0
-18 -103 0
-18 -109 0
-18 -112 0
-18 -114 0
-18 -115 0
-18 -116 0
-18 -119 0
-18 -120 0
-19 -92 0
-19 -95 0
-19 -96 0
-19 -97 0
-19 -99 0
-19 -102 0
-19 -106 0
-19 -108 0
-19 -111 0
-19 -112 0
-19 -114 0
-19 -115 0
-19 -118 0
-19 -119 0
-19 -120 0
-20 -92 0
-20 -93 0
-20 -99 0
-20 -101 0
-20 -104 0
-20 -105 0
-20 -112 0
-20 -113 0
-20 -117 0
-20 -118 0
-20 -119 0
-20 -120 0
-21 -92 0
-21 -93 0
-21 -98 0
-21 -105 0
-21 -109 0
-21 -113 0
-21 -119 0
-21 -120 0
-22 -93 0
-22 -95 0
-22 -96 0
-22 -101 0
-22 -102 0
-22 -106 0
-22 -107 0
-22 -108 0
-22 -109 0
-22 -110 0
-22 -116 0
-22 -119 0
-22 -120 0
-23 -93 0
-23 -98 0
-23 -99 0
-23 -102 0
-23 -103 0
-23 -104 0
-23 -107 0
-23 -110 0
-23 -111 0
-23 -114 0
-23 -118 0
-23 -119 0
-23 -120 0
-24 -91 0
-24 -95 0
-24 -96 0
-24 -98 0
-24 -102 0
-24 -104 0
-24 -105 0
-24 -106 0
-24 -107 0
-24 -108 0
-24 -109 0
-24 -113 0
-24 -117 0
-24 -118 0
-24 -119 0
-24 -120 0
-25 -95 0
-25 -98 0
-25 -99 0
-25 -102 0
-25 -105 0
-25 -107 0
-25 -108 0
-25 -109 0
-25 -119 0
-25 -120 0
-26 -93 0
-26 -97 0
-26 -103 0
-26 -104 0
-26 -106 0
-26 -107 0
-26 -108 0
-26 -112 0
-26 -119 0
-26 -120 0
-27 -93 0
-27 -94 0
-27 -96 0
-27 -99 0
-27 -106 0
-27 -107 0
-27 -110 0
-27 -114 0
-27 -118 0
-27 -119 0
-27 -120 0
-28 -91 0
-28 -97 0
-28 -104 0
-28 -106 0
-28 -109 0
-28 -110 0
-28 -113 0
-28 -114 0
-28 -117 0
-28 -119 0
-28 -120 0
-29 -91 0
-29 -92 0
-29 -93 0
-29 -94 0
-29 -95 0
-29 -96 0
-29 -97 0
-29 -98 0
-29 -99 0
-29 -100 0
-29 -101 0
-29 -102 0
-29 -103 0
-29 -104 0
-29 -105 0
-29 -106 0
-29 -107 0
-29 -108 0
-29 -109 0
-29 -110 0
-29 -111 0
-29 -112 0
-29 -113 0
-29 -114 0
-29 -115 0
-29 -116 0
-29 -117 0
-29 -118 0
-29 -120 0
-30 -91 0
-30 -92 0
-30 -93 0
-30 -94 0
-30 -95 0
-30 -96 0
-30 -97 0
-30 -98 0
-30 -99 0
-30 -100 0
-30 -101 0
-30 -102 0
-30 -103 0
-30 -104 0
-30 -105 0
-30 -106 0
-30 -107 0
-30 -108 0
-30 -109 0
-30 -110 0
-30 -111 0
-30 -112 0
-30 -113 0
-30 -114 0
-30 -115 0
-30 -116 0
-30 -117 0
-30 -118 0
-30 -119 0
-1 -125 0
-1 -126 0
-1 -128 0
-1 -129 0
-1 -138 0
-1 -144 0
-1 -148 0
-1 -149 0
-1 -150 0
-2 -125 0
-2 -139 0
-2 -140 0
-2 -141 0
-2 -149 0
-2 -150 0
-3 -126 0
-3 -127 0
-3 -129 0
-3 -137 0
-3 -140 0
-3 -141 0
-3 -142 0
-3 -143 0
-3 -146 0
-3 -147 0
-3 -149 0
-3 -150 0
-4 -125 0
-4 -126 0
-4 -130 0
-4 -134 0
-4 -138 0
-4 -147 0
-4 -149 0
-4 -150 0
-5 -121 0
-5 -122 0
-5 -124 0
-5 -131 0
-5 -137 0
-5 -139 0
-5 -142 0
-5 -144 0
-5 -145 0
-5 -149 0
-5 -150 0
-6 -121 0
-6 -123 0
-6 -124 0
-6 -127 0
-6 -129 0
-6 -134 0
-6 -139 0
-6 -142 0
-6 -144 0
-6 -147 0
-6 -149 0
-6 -150 0
-7 -123 0
-7 -126 0
-7 -131 0
-7 -132 0
-7 -136 0
-7 -138 0
-7 -139 0
-7 -146 0
-7 -148 0
-7 -149 0
-7 -150 0
-8 -121 0
-8 -130 0
-8 -134 0
-8 -135 0
-8 -136 0
-8 -141 0
-8 -143 0
-8 -144 0
-8 -145 0
-8 -149 0
-8 -150 0
-9 -121 0
-9 -123 0
-9 -126 0
-9 -131 0
-9 -132 0
-9 -133 0
-9 -134 0
-9 -136 0
-9 -137 0
-9 -139 0
-9 -140 0
-9 -143 0
-9 -145 0
-9 -147 0
-9 -149 0
-9 -150 0
-10 -124 0
-10 -128 0
-10 -131 0
-10 -136 0
-10 -149 0
-10 -150 0
-11 -125 0
-11 -127 0
-11 -129 0
-11 -130 0
-11 -138 0
-11 -140 0
-11 -142 0
-11 -149 0
-11 -150 0
-12 -127 0
-12 -129 0
-12 -134 0
-12 -139 0
-12 -142 0
-12 -143 0
-12 -144 0
-12 -145 0
-12 -149 0
-12 -150 0
-13 -129 0
-13 -135 0
-13 -138 0
-13 -143 0
-13 -146 0
-13 -149 0
-13 -150 0
-14 -124 0
-14 -126 0
-14 -128 0
-14 -129 0
-14 -132 0
-14 -136 0
-14 -140 0
-14 -143 0
-14 -144 0
-14 -146 0
-14 -148 0
-14 -149 0
-14 -150 0
-15 -128 0
-15 -133 0
-15 -136 0
-15 -140 0
-15 -141 0
-15 -144 0
-15 -145 0
-15 -149 0
-15 -150 0
-16 -127 0
-16 -128 0
-16 -129 0
-16 -130 0
-16 -134 0
-16 -135 0
-16 -139 0
-16 -142 0
-16 -144 0
-16 -146 0
-16 -147 0
-16 -148 0
-16 -149 0
-16 -150 0
-17 -123 0
-17 -125 0
-17 -129 0
-17 -142 0
-17 -143 0
-17 -144 0
-17 -145 0
-17 -146 0
-17 -147 0
-17 -149 0
-17 -150 0
-18 -121 0
-18 -124 0
-18 -127 0
-18 -131 0
-18 -133 0
-18 -139 0
-18 -142 0
-18 -144 0
-18 -145 0
-18 -146 0
-18 -149 0
-18 -150 0
-19 -122 0
-19 -125 0
-19 -126 0
-19 -127 0
-19 -129 0
-19 -132 0
-19 -136 0
-19 -138 0
-19 -141 0
-19 -142 0
-19 -144 0
-19 -145 0
-19 -148 0
-19 -149 0
-19 -150 0
-20 -122 0
-20 -123 0
-20 -129 0
-20 -131 0
-20 -134 0
-20 -135 0
-20 -142 0
-20 -143 0
-20 -147 0
-20 -148 0
-20 -149 0
-20 -150 0
-21 -122 0
-21 -123 0
-21 -128 0
-21 -135 0
-21 -139 0
-21 -143 0
-21 -149 0
-21 -150 0
-22 -123 0
-22 -125 0
-22 -126 0
-22 -131 0
-22 -132 0
-22 -136 0
-22 -137 0
-22 -138 0
-22 -139 0
-22 -140 0
-22 -146 0
-22 -149 0
-22 -150 0
-23 -123 0
-23 -128 0
-23 -129 0
-23 -132 0
-23 -133 0
-23 -134 0
-23 -137 0
-23 -140 0
-23 -141 0
-23 -144 0
-23 -148 0
-23 -149 0
-23 -150 0
-24 -121 0
-24 -125 0
-24 -126 0
-24 -128 0
-24 -132 0
-24 -134 0
-24 -135 0
-24 -136 0
-24 -137 0
-24 -138 0
-24 -139 0
-24 -143 0
-24 -147 0
-24 -148 0
-24 -149 0
-24 -150 0
-25 -125 0
-25 -128 0
-25 -129 0
-25 -132 0
-25 -135 0
-25 -137 0
-25 -138 0
-25 -139 0
-25 -149 0
-25 -150 0
-26 -123 0
-26 -127 0
-26 -133 0
-26 -134 0
-26 -136 0
-26 -137 0
-26 -138 0
-26 -142 0
-26 -149 0
-26 -150 0
-27 -123 0
-27 -124 0
-27 -126 0
-27 -129 0
-27 -136 0
-27 -137 0
-27 -140 0
-27 -144 0
-27 -148 0
-27 -149 0
-27 -150 0
-28 -121 0
-28 -127 0
-28 -134 0
-28 -136 0
-28 -139 0
-28 -140 0
-28 -143 0
-28 -144 0
-28 -147 0
-28 -149 0
-28 -150 0
-29 -121 0
-29 -122 0
-29 -123 0
-29 -124 0
-29 -125 0
-29 -126 0
-29 -127 0
-29 -128 0
-29 -129 0
-29 -130 0
-29 -131 0
-29 -132 0
-29 -133 0
-29 -134 0
-29 -135 0
-29 -136 0
-29 -137 0
-29 -138 0
-29 -139 0
-29 -140 0
-29 -141 0
-29 -142 0
-29 -143 0
-29 -144 0
-29 -145 0
-29 -146 0
-29 -147 0
-29 -148 0
-29 -150 0
-30 -121 0
-30 -122 0
-30 -123 0
-30 -124 0
-30 -125 0
-30 -126 0
-30 -127 0
-30 -128 0
-30 -129 0
-30 -130 0
-30 -131 0
-30 -132 0
-30 -133 0
-30 -134 0
-30 -135 0
-30 -136 0
-30 -137 0
-30 -138 0
-30 -139 0
-30 -140 0
-30 -141 0
-30 -142 0
-30 -143 0
-30 -144 0
-30 -145 0
-30 -146 0
-30 -147 0
-30 -148 0
-30 -149 0
-1 -155 0
-1 -156 0
-1 -158 0
-1 -159 0
-1 -168 0
-1 -174 0
-1 -178 0
-1 -179 0
-1 -180 0
-2 -155 0
-2 -169 0
-2 -170 0
-2 -171 0
-2 -179 0
-2 -180 0
-3 -156 0
-3 -157 0
-3 -159 0
-3 -167 0
-3 -170 0
-3 -171 0
-3 -172 0
-3 -173 0
-3 -176 0
-3 -177 0
-3 -179 0
-3 -180 0
-4 -155 0
-4 -156 0
-4 -160 0
-4 -164 0
-4 -168 0
-4 -177 0
-4 -179 0
-4 -180 0
-5 -151 0
-5 -152 0
-5 -154 0
-5 -161 0
-5 -167 0
-5 -169 0
-5 -172 0
-5 -174 0
-5 -175 0
-5 -179 0
-5 -180 0
-6 -151 0
-6 -153 0
-6 -154 0
-6 -157 0
-6 -159 0
-6 -164 0
-6 -169 0
-6 -172 0
-6 -174 0
-6 -177 0
-6 -179 0
-6 -180 0
-7 -153 0
-7 -156 0
-7 -161 0
-7 -162 0
-7 -166 0
-7 -168 0
-7 -169 0
-7 -176 0
-7 -178 0
-7 -179 0
-7 -180 0
-8 -151 0
-8 -160 0
-8 -164 0
-8 -165 0
-8 -166 0
-8 -171 0
-8 -173 0
-8 -174 0
-8 -175 0
-8 -179 0
-8 -180 0
-9 -151 0
-9 -153 0
-9 -156 0
-9 -161 0
-9 -162 0
-9 -163 0
-9 -164 0
-9 -166 0
-9 -167 0
-9 -169 0
-9 -170 0
-9 -173 0
-9 -175 0
-9 -177 0
-9 -179 0
-9 -180 0
-10 -154 0
-10 -158 0
-10 -161 0
-10 -166 0
-10 -179 0
-10 -180 0
-11 -155 0
-11 -157 0
-11 -159 0
-11 -160 0
-11 -168 0
-11 -170 0
-11 -172 0
-11 -179 0
-11 -180 0
-12 -157 0
-12 -159 0
-12 -164 0
-12 -169 0
-12 -172 0
-12 -173 0
-12 -174 0
-12 -175 0
-12 -179 0
-12 -180 0
-13 -159 0
-13 -165 0
-13 -168 0
-13 -173 0
-13 -176 0
-13 -179 0
-13 -180 0
-14 -154 0
-14 -156 0
-14 -158 0
-14 -159 0
-14 -162 0
-14 -166 0
-14 -170 0
-14 -173 0
-14 -174 0
-14 -176 0
-14 -178 0
-14 -179 0
-14 -180 0
-15 -158 0
-15 -163 0
-15 -166 0
-15 -170 0
-15 -171 0
-15 -174 0
-15 -175 0
-15 -179 0
-15 -180 0
-16 -157 0
-16 -158 0
-16 -159 0
-16 -160 0
-16 -164 0
-16 -165 0
-16 -169 0
-16 -172 0
-16 -174 0
-16 -176 0
-16 -177 0
-16 -178 0
-16 -179 0
-16 -180 0
-17 -153 0
-17 -155 0
-17 -159 0
-17 -172 0
-17 -173 0
-17 -174 0
-17 -175 0
-17 -176 0
-17 -177 0
-17 -179 0
-17 -180 0
-18 -151 0
-18 -154 0
-18 -157 0
-18 -161 0
-18 -163 0
-18 -169 0
-18 -172 0
-18 -174 0
-18 -175 0
-18 -176 0
-18 -179 0
-18 -180 0
-19 -152 0
-19 -155 0
-19 -156 0
-19 -157 0
-19 -159 0
-19 -162 0
-19 -166 0
-19 -168 0
-19 -171 0
-19 -172 0
-19 -174 0
-19 -175 0
-19 -178 0
-19 -179 0
-19 -180 0
-20 -152 0
-20 -153 0
-20 -159 0
-20 -161 0
-20 -164 0
-20 -165 0
-20 -172 0
-20 -173 0
-20 -177 0
-20 -178 0
-20 -179 0
-20 -180 0
-21 -152 0
-21 -153 0
-21 -158 0
-21 -165 0
-21 -169 0
-21 -173 0
-21 -179 0
-21 -180 0
-22 -153 0
-22 -155 0
-22 -156 0
-22 -161 0
-22 -162 0
-22 -166 0
-22 -167 0
-22 -168 0
-22 -169 0
-22 -170 0
-22 -176 0
-22 -179 0
-22 -180 0
-23 -153 0
-23 -158 0
-23 -159 0
-23 -162 0
-23 -163 0
-23 -164 0
-23 -167 0
-23 -170 0
-23 -171 0
-23 -174 0
-23 -178 0
-23 -179 0
-23 -180 0
-24 -151 0
-24 -155 0
-24 -156 0
-24 -158 0
-24 -162 0
-24 -164 0
-24 -165 0
-24 -166 0
-24 -167 0
-24 -168 0
-24 -169 0
-24 -173 0
-24 -177 0
-24 -178 0
-24 -179 0
-24 -180 0
-25 -155 0
-25 -158 0
-25 -159 0
-25 -162 0
-25 -165 0
-25 -167 0
-25 -168 0
-25 -169 0
-25 -179 0
-25 -180 0
-26 -153 0
-26 -157 0
-26 -163 0
-26 -164 0
-26 -166 0
-26 -167 0
-26 -168 0
-26 -172 0
-26 -179 0
-26 -180 0
-27 -153 0
-27 -154 0
-27 -156 0
-27 -159 0
-27 -166 0
-27 -167 0
-27 -170 0
-27 -174 0
-27 -178 0
-27 -179 0
-27 -180 0
-28 -151 0
-28 -157 0
-28 -164 0
-28 -166 0
-28 -169 0
-28 -170 0
-28 -173 0
-28 -174 0
-28 -177 0
-28 -179 0
-28 -180 0
-29 -151 0
-29 -152 0
-29 -153 0
-29 -154 0
-29 -155 0
-29 -156 0
-29 -157 0
-29 -158 0
-29 -159 0
-29 -160 0
-29 -161 0
-29 -162 0
-29 -163 0
-29 -164 0
-29 -165 0
-29 -166 0
-29 -167 0
-29 -168 0
-29 -169 0
-29 -170 0
-29 -171 0
-29 -172 0
-29 -173 0
-29 -174 0
-29 -175 0
-29 -176 0
-29 -177 0
-29 -178 0
-29 -180 0
-30 -151 0
-30 -152 0
-30 -153 0
-30 -154 0
-30 -155 0
-30 -156 0
-30 -157 0
-30 -158 0
-30 -159 0
-30 -160 0
-30 -161 0
-30 -162 0
-30 -163 0
-30 -164 0
-30 -165 0
-30 -166 0
-30 -167 0
-30 -168 0
-30 -169 0
-30 -170 0
-30 -171 0
-30 -172 0
-30 -173 0
-30 -174 0
-30 -175 0
-30 -176 0
-30 -177 0
-30 -178 0
-30 -179 0
-31 -65 0
-31 -66 0
-31 -68 0
-31 -69 0
-31 -78 0
-31 -84 0
-31 -88 0
-31 -89 0
-31 -90 0
-32 -65 0
-32 -79 0
-32 -80 0
-32 -81 0
-32 -89 0
-32 -90 0
-33 -66 0
-33 -67 0
-33 -69 0
-33 -77 0
-33 -80 0
-33 -81 0
-33 -82 0
-33 -83 0
-33 -86 0
-33 -87 0
-33 -89 0
-33 -90 0
-34 -65 0
-34 -66 0
-34 -70 0
-34 -74 0
-34 -78 0
-34 -87 0
-34 -89 0
-34 -90 0
-35 -61 0
-35 -62 0
-35 -64 0
-35 -71 0
-35 -77 0
-35 -79 0
-35 -82 0
-35 -84 0
-35 -85 0
-35 -89 0
-35 -90 0
-36 -61 0
-36 -63 0
-36 -64 0
-36 -67 0
-36 -69 0
-36 -74 0
-36 -79 0
-36 -82 0
-36 -84 0
-36 -87 0
-36 -89 0
-36 -90 0
-37 -63 0
-37 -66 0
-37 -71 0
-37 -72 0
-37 -76 0
-37 -78 0
-37 -79 0
-37 -86 0
-37 -88 0
-37 -89 0
-37 -90 0
-38 -61 0
-38 -70 0
-38 -74 0
-38 -75 0
-38 -76 0
-38 -81 0
-38 -83 0
-38 -84 0
-38 -85 0
-38 -89 0
-38 -90 0
-39 -61 0
-39 -63 0
-39 -66 0
-39 -71 0
-39 -72 0
-39 -73 0
-39 -74 0
-39 -76 0
-39 -77 0
-39 -79 0
-39 -80 0
-39 -83 0
-39 -85 0
-39 -87 0
-39 -89 0
-39 -90 0
-40 -64 0
-40 -68 0
-40 -71 0
-40 -76 0
-40 -89 0
-40 -90 0
-41 -65 0
-41 -67 0
-41 -69 0
-41 -70 0
-41 -78 0
-41 -80 0
-41 -82 0
-41 -89 0
-41 -90 0
-42 -67 0
-42 -69 0
-42 -74 0
-42 -79 0
-42 -82 0
-42 -83 0
-42 -84 0
-42 -85 0
-42 -89 0
-42 -90 0
-43 -69 0
-43 -75 0
-43 -78 0
-43 -83 0
-43 -86 0
-43 -89 0
-43 -90 0
-44 -64 0
-44 -66 0
-44 -68 0
-44 -69 0
-44 -72 0
-44 -76 0
-44 -80 0
-44 -83 0
-44 -84 0
-44 -86 0
-44 -88 0
-44 -89 0
-44 -90 0
-45 -68 0
-45 -73 0
-45 -76 0
-45 -80 0
-45 -81 0
-45 -84 0
-45 -85 0
-45 -89 0
-45 -90 0
-46 -67 0
-46 -68 0
-46 -69 0
-46 -70 0
-46 -74 0
-46 -75 0
-46 -79 0
-46 -82 0
-46 -84 0
-46 -86 0
-46 -87 0
-46 -88 0
-46 -89 0
-46 -90 0
-47 -63 0
-47 -65 0
-47 -69 0
-47 -82 0
-47 -83 0
-47 -84 0
-47 -85 0
-47 -86 0
-47 -87 0
-47 -89 0
-47 -90 0
-48 -61 0
-48 -64 0
-48 -67 0
-48 -71 0
-48 -73 0
-48 -79 0
-48 -82 0
-48 -84 0
-48 -85 0
-48 -86 0
-48 -89 0
-48 -90 0
-49 -62 0
-49 -65 0
-49 -66 0
-49 -67 0
-49 -69 0
-49 -72 0
-49 -76 0
-49 -78 0
-49 -81 0
-49 -82 0
-49 -84 0
-49 -85 0
-49 -88 0
-49 -89 0
-49 -90 0
-50 -62 0
-50 -63 0
-50 -69 0
-50 -71 0
-50 -74 0
-50 -75 0
-50 -82 0
-50 -83 0
-50 -87 0
-50 -88 0
-50 -89 0
-50 -90 0
-51 -62 0
-51 -63 0
-51 -68 0
-51 -75 0
-51 -79 0
-51 -83 0
-51 -89 0
-51 -90 0
-52 -63 0
-52 -65 0
-52 -66 0
-52 -71 0
-52 -72 0
-52 -76 0
-52 -77 0
-52 -78 0
-52 -79 0
-52 -80 0
-52 -86 0
-52 -89 0
-52 -90 0
-53 -63 0
-53 -68 0
-53 -69 0
-53 -72 0
-53 -73 0
-53 -74 0
-53 -77 0
-53 -80 0
-53 -81 0
-53 -84 0
-53 -88 0
-53 -89 0
-53 -90 0
-54 -61 0
-54 -65 0
-54 -66 0
-54 -68 0
-54 -72 0
-54 -74 0
-54 -75 0
-54 -76 0
-54 -77 0
-54 -78 0
-54 -79 0
-54 -83 0
-54 -87 0
-54 -88 0
-54 -89 0
-54 -90 0
-55 -65 0
-55 -68 0
-55 -69 0
-55 -72 0
-55 -75 0
-55 -77 0
-55 -78 0
-55 -79 0
-55 -89 0
-55 -90 0
-56 -63 0
-56 -67 0
-56 -73 0
-56 -74 0
-56 -76 0
-56 -77 0
-56 -78 0
-56 -82 0
-56 -89 0
-56 -90 0
-57 -63 0
-57 -64 0
-57 -66 0
-57 -69 0
-57 -76 0
-57 -77 0
-57 -80 0
-57 -84 0
-57 -88 0
-57 -89 0
-57 -90 0
-58 -61 0
-58 -67 0
-58 -74 0
-58 -76 0
-58 -79 0
-58 -80 0
-58 -83 0
-58 -84 0
-58 -87 0
-58 -89 0
-58 -90 0
-59 -61 0
-59 -62 0
-59 -63 0
-59 -64 0
-59 -65 0
-59 -66 0
-59 -67 0
-59 -68 0
-59 -69 0
-59 -70 0
-59 -71 0
-59 -72 0
-59 -73 0
-59 -74 0
-59 -75 0
-59 -76 0
-59 -77 0
-59 -78 0
-59 -79 0
-59 -80 0
-59 -81 0
-59 -82 0
-59 -83 0
-59 -84 0
-59 -85 0
-59 -86 0
-59 -87 0
-59 -88 0
-59 -90 0
-60 -61 0
-60 -62 0
-60 -63 0
-60 -64 0
-60 -65 0
-60 -66 0
-60 -67 0
-60 -68 0
-60 -69 0
-60 -70 0
-60 -71 0
-60 -72 0
-60 -73 0
-60 -74 0
-60 -75 0
-60 -76 0
-60 -77 0
-60 -78 0
-60 -79 0
-60 -80 0
-60 -81 0
-60 -82 0
-60 -83 0
-60 -84 0
-60 -85 0
-60 -86 0
-60 -87 0
-60 -88 0
-60 -89 0
-31 -95 0
-31 -96 0
-31 -98 0
-31 -99 0
-31 -108 0
-31 -114 0
-31 -118 0
-31 -119 0
-31 -120 0
-32 -95 0
-32 -109 0
-32 -110 0
-32 -111 0
-32 -119 0
-32 -120 0
-33 -96 0
-33 -97 0
-33 -99 0
-33 -107 0
-33 -110 0
-33 -111 0
-33 -112 0
-33 -113 0
-33 -116 0
-33 -117 0
-33 -119 0
-33 -120 0
-34 -95 0
-34 -96 0
-34 -100 0
-34 -104 0
-34 -108 0
-34 -117 0
-34 -119 0
-34 -120 0
-35 -91 0
-35 -92 0
-35 -94 0
-35 -101 0
-35 -107 0
-35 -109 0
-35 -112 0
-35 -114 0
-35 -115 0
-35 -119 0
-35 -120 0
-36 -91 0
-36 -93 0
-36 -94 0
-36 -97 0
-36 -99 0
-36 -104 0
-36 -109 0
-36 -112 0
-36 -114 0
-36 -117 0
-36 -119 0
-36 -120 0
-37 -93 0
-37 -96 0
-37 -101 0
-37 -102 0
-37 -106 0
-37 -108 0
-37 -109 0
-37 -116 0
-37 -118 0
-37 -119 0
-37 -120 0
-38 -91 0
-38 -100 0
-38 -104 0
-38 -105 0
-38 -106 0
-38 -111 0
-38 -113 0
-38 -114 0
-38 -115 0
-38 -119 0
-38 -120 0
-39 -91 0
-39 -93 0
-39 -96 0
-39 -101 0
-39 -102 0
-39 -103 0
-39 -104 0
-39 -106 0
-39 -107 0
-39 -109 0
-39 -110 0
-39 -113 0
-39 -115 0
-39 -117 0
-39 -119 0
-39 -120 0
-40 -94 0
-40 -98 0
-40 -101 0
-40 -106 0
-40 -119 0
-40 -120 0
-41 -95 0
-41 -97 0
-41 -99 0
-41 -100 0
-41 -108 0
-41 -110 0
-41 -112 0
-41 -119 0
-41 -120 0
-42 -97 0
-42 -99 0
-42 -104 0
-42 -109 0
-42 -112 0
-42 -113 0
-42 -114 0
-42 -115 0
-42 -119 0
-42 -120 0
-43 -99 0
-43 -105 0
-43 -108 0
-43 -113 0
-43 -116 0
-43 -119 0
-43 -120 0
-44 -94 0
-44 -96 0
-44 -98 0
-44 -99 0
-44 -102 0
-44 -106 0
-44 -110 0
-44 -113 0
-44 -114 0
-44 -116 0
-44 -118 0
-44 -119 0
-44 -120 0
-45 -98 0
-45 -103 0
-45 -106 0
-45 -110 0
-45 -111 0
-45 -114 0
-45 -115 0
-45 -119 0
-45 -120 0
-46 -97 0
-46 -98 0
-46 -99 0
-46 -100 0
-46 -104 0
-46 -105 0
-46 -109 0
-46 -112 0
-46 -114 0
-46 -116 0
-46 -117 0
-46 -118 0
-46 -119 0
-46 -120 0
-47 -93 0
-47 -95 0
-47 -99 0
-47 -112 0
-47 -113 0
-47 -114 0
-47 -115 0
-47 -116 0
-47 -117 0
-47 -119 0
-47 -120 0
-48 -91 0
-48 -94 0
-48 -97 0
-48 -101 0
-48 -103 0
-48 -109 0
-48 -112 0
-48 -114 0
-48 -115 0
-48 -116 0
-48 -119 0
-48 -120 0
-49 -92 0
-49 -95 0
-49 -96 0
-49 -97 0
-49 -99 0
-49 -102 0
-49 -106 0
-49 -108 0
-49 -111 0
-49 -112 0
-49 -114 0
-49 -115 0
-49 -118 0
-49 -119 0
-49 -120 0
-50 -92 0
-50 -93 0
-50 -99 0
-50 -101 0
-50 -104 0
-50 -105 0
-50 -112 0
-50 -113 0
-50 -117 0
-50 -118 0
-50 -119 0
-50 -120 0
-51 -92 0
-51 -93 0
-51 -98 0
-51 -105 0
-51 -109 0
-51 -113 0
-51 -119 0
-51 -120 0
-52 -93 0
-52 -95 0
-52 -96 0
-52 -101 0
-52 -102 0
-52 -106 0
-52 -107 0
-52 -108 0
-52 -109 0
-52 -110 0
-52 -116 0
-52 -119 0
-52 -120 0
-53 -93 0
-53 -98 0
-53 -99 0
-53 -102 0
-53 -103 0
-53 -104 0
-53 -107 0
-53 -110 0
-53 -111 0
-53 -114 0
-53 -118 0
-53 -119 0
-53 -120 0
-54 -91 0
-54 -95 0
-54 -96 0
-54 -98 0
-54 -102 0
-54 -104 0
-54 -105 0
-54 -106 0
-54 -107 0
-54 -108 0
-54 -109 0
-54 -113 0
-54 -117 0
-54 -118 0
-54 -119 0
-54 -120 0
-55 -95 0
-55 -98 0
-55 -99 0
-55 -102 0
-55 -105 0
-55 -107 0
-55 -108 0
-55 -109 0
-55 -119 0
-55 -120 0
-56 -93 0
-56 -97 0
-56 -103 0
-56 -104 0
-56 -106 0
-56 -107 0
-56 -108 0
-56 -112 0
-56 -119 0
-56 -120 0
-57 -93 0
-57 -94 0
-57 -96 0
-57 -99 0
-57 -106 0
-57 -107 0
-57 -110 0
-57 -114 0
-57 -118 0
-57 -119 0
-57 -120 0
-58 -91 0
-58 -97 0
-58 -104 0
-58 -106 0
-58 -109 0
-58 -110 0
-58 -113 0
-58 -114 0
-58 -117 0
-58 -119 0
-58 -120 0
-59 -91 0
-59 -92 0
-59 -93 0
-59 -94 0
-59 -95 0
-59 -96 0
-59 -97 0
-59 -98 0
-59 -99 0
-59 -100 0
-59 -101 0
-59 -102 0
-59 -103 0
-59 -104 0
-59 -105 0
-59 -106 0
-59 -107 0
-59 -108 0
-59 -109 0
-59 -110 0
-59 -111 0
-59 -112 0
-59 -113 0
-59 -114 0
-59 -115 0
-59 -116 0
-59 -117 0
-59 -118 0
-59 -120 0
-60 -91 0
-60 -92 0
-60 -93 0
-60 -94 0
-60 -95 0
-60 -96 0
-60 -97 0
-60 -98 0
-60 -99 0
-60 -100 0
-60 -101 0
-60 -102 0
-60 -103 0
-60 -104 0
-60 -105 0
-60 -106 0
-60 -107 0
-60 -108 0
-60 -109 0
-60 -110 0
-60 -111 0
-60 -112 0
-60 -113 0
-60 -114 0
-60 -115 0
-60 -116 0
-60 -117 0
-60 -118 0
-60 -119 0
-31 -125 0
-31 -126 0
-31 -128 0
-31 -129 0
-31 -138 0
-31 -144 0
-31 -148 0
-31 -149 0
-31 -150 0
-32 -125 0
-32 -139 0
-32 -140 0
-32 -141 0
-32 -149 0
-32 -150 0
-33 -126 0
-33 -127 0
-33 -129 0
-33 -137 0
-33 -140 0
-33 -141 0
-33 -142 0
-33 -143 0
-33 -146 0
-33 -147 0
-33 -149 0
-33 -150 0
-34 -125 0
-34 -126 0
-34 -130 0
-34 -134 0
-34 -138 0
-34 -147 0
-34 -149 0
-34 -150 0
-35 -121 0
-35 -122 0
-35 -124 0
-35 -131 0
-35 -137 0
-35 -139 0
-35 -142 0
-35 -144 0
-35 -145 0
-35 -149 0
-35 -150 0
-36 -121 0
-36 -123 0
-36 -124 0
-36 -127 0
-36 -129 0
-36 -134 0
-36 -139 0
-36 -142 0
-36 -144 0
-36 -147 0
-36 -149 0
-36 -150 0
-37 -123 0
-37 -126 0
-37 -131 0
-37 -132 0
-37 -136 0
-37 -138 0
-37 -139 0
-37 -146 0
-37 -148 0
-37 -149 0
-37 -150 0
-38 -121 0
-38 -130 0
-38 -134 0
-38 -135 0
-38 -136 0
-38 -141 0
-38 -143 0
-38 -144 0
-38 -145 0
-38 -149 0
-38 -150 0
-39 -121 0
-39 -123 0
-39 -126 0
-39 -131 0
-39 -132 0
-39 -133 0
-39 -134 0
-39 -136 0
-39 -137 0
-39 -139 0
-39 -140 0
-39 -143 0
-39 -145 0
-39 -147 0
-39 -149 0
-39 -150 0
-40 -124 0
-40 -128 0
-40 -131 0
-40 -136 0
-40 -149 0
-40 -150 0
-41 -125 0
-41 -127 0
-41 -129 0
-41 -130 0
-41 -138 0
-41 -140 0
-41 -142 0
-41 -149 0
-41 -150 0
-42 -127 0
-42 -129 0
-42 -134 0
-42 -139 0
-42 -142 0
-42 -143 0
-42 -144 0
-42 -145 0
-42 -149 0
-42 -150 0
-43 -129 0
-43 -135 0
-43 -138 0
-43 -143 0
-43 -146 0
-43 -149 0
-43 -150 0
-44 -124 0
-44 -126 0
-44 -128 0
-44 -129 0
-44 -132 0
-44 -136 0
-44 -140 0
-44 -143 0
-44 -144 0
-44 -146 0
-44 -148 0
-44 -149 0
-44 -150 0
-45 -128 0
-45 -133 0
-45 -136 0
-45 -140 0
-45 -141 0
-45 -144 0
-45 -145 0
-45 -149 0
-45 -150 0
-46 -127 0
-46 -128 0
-46 -129 0
-46 -130 0
-46 -134 0
-46 -135 0
-46 -139 0
-46 -142 0
-46 -144 0
-46 -146 0
-46 -147 0
-46 -148 0
-46 -149 0
-46 -150 0
-47 -123 0
-47 -125 0
-47 -129 0
-47 -142 0
-47 -143 0
-47 -144 0
-47 -145 0
-47 -146 0
-47 -147 0
-47 -149 0
-47 -150 0
-48 -121 0
-48 -124 0
-48 -127 0
-48 -131 0
-48 -133 0
-48 -139 0
-48 -142 0
-48 -144 0
-48 -145 0
-48 -146 0
-48 -149 0
-48 -150 0
-49 -122 0
-49 -125 0
-49 -126 0
-49 -127 0
-49 -129 0
-49 -132 0
-49 -136 0
-49 -138 0
-49 -141 0
-49 -142 0
-49 -144 0
-49 -145 0
-49 -148 0
-49 -149 0
-49 -150 0
-50 -122 0
-50 -123 0
-50 -129 0
-50 -131 0
-50 -134 0
-50 -135 0
-50 -142 0
-50 -143 0
-50 -147 0
-50 -148 0
-50 -149 0
-50 -150 0
-51 -122 0
-51 -123 0
-51 -128 0
-51 -135 0
-51 -139 0
-51 -143 0
-51 -149 0
-51 -150 0
-52 -123 0
-52 -125 0
-52 -126 0
-52 -131 0
-52 -132 0
-52 -136 0
-52 -137 0
-52 -138 0
-52 -139 0
-52 -140 0
-52 -146 0
-52 -149 0
-52 -150 0
-53 -123 0
-53 -128 0
-53 -129 0
-53 -132 0
-53 -133 0
-53 -134 0
-53 -137 0
-53 -140 0
-53 -141 0
-53 -144 0
-53 -148 0
-53 -149 0
-53 -150 0
-54 -121 0
-54 -125 0
-54 -126 0
-54 -128 0
-54 -132 0
-54 -134 0
-54 -135 0
-54 -136 0
-54 -137 0
-54 -138 0
-54 -139 0
-54 -143 0
-54 -147 0
-54 -148 0
-54 -149 0
-54 -150 0
-55 -125 0
-55 -128 0
-55 -129 0
-55 -132 0
-55 -135 0
-55 -137 0
-55 -138 0
-55 -139 0
-55 -149 0
-55 -150 0
-56 -123 0
-56 -127 0
-56 -133 0
-56 -134 0
-56 -136 0
-56 -137 0
-56 -138 0
-56 -142 0
-56 -149 0
-56 -150 0
-57 -123 0
-57 -124 0
-57 -126 0
-57 -129 0
-57 -136 0
-57 -137 0
-57 -140 0
-57 -144 0
-57 -148 0
-57 -149 0
-57 -150 0
-58 -121 0
-58 -127 0
-58 -134 0
-58 -136 0
-58 -139 0
-58 -140 0
-58 -143 0
-58 -144 0
-58 -147 0
-58 -149 0
-58 -150 0
-59 -121 0
-59 -122 0
-59 -123 0
-59 -124 0
-59 -125 0
-59 -126 0
-59 -127 0
-59 -128 0
-59 -129 0
-59 -130 0
-59 -131 0
-59 -132 0
-59 -133 0
-59 -134 0
-59 -135 0
-59 -136 0
-59 -137 0
-59 -138 0
-59 -139 0
-59 -140 0
-59 -141 0
-59 -142 0
-59 -143 0
-59 -144 0
-59 -145 0
-59 -146 0
-59 -147 0
-59 -148 0
-59 -150 0
-60 -121 0
-60 -122 0
-60 -123 0
-60 -124 0
-60 -125 0
-60 -126 0
-60 -127 0
-60 -128 0
-60 -129 0
-60 -130 0
-60 -131 0
-60 -132 0
-60 -133 0
-60 -134 0
-60 -135 0
-60 -136 0
-60 -137 0
-60 -138 0
-60 -139 0
-60 -140 0
-60 -141 0
-60 -142 0
-60 -143 0
-60 -144 0
-60 -145 0
-60 -146 0
-60 -147 0
-60 -148 0
-60 -149 0
-31 -155 0
-31 -156 0
-31 -158 0
-31 -159 0
-31 -168 0
-31 -174 0
-31 -178 0
-31 -179 0
-31 -180 0
-32 -155 0
-32 -169 0
-32 -170 0
-32 -171 0
-32 -179 0
-32 -180 0
-33 -156 0
-33 -157 0
-33 -159 0
-33 -167 0
-33 -170 0
-33 -171 0
-33 -172 0
-33 -173 0
-33 -176 0
-33 -177 0
-33 -179 0
-33 -180 0
-34 -155 0
-34 -156 0
-34 -160 0
-34 -164 0
-34 -168 0
-34 -177 0
-34 -179 0
-34 -180 0
-35 -151 0
-35 -152 0
-35 -154 0
-35 -161 0
-35 -167 0
-35 -169 0
-35 -172 0
-35 -174 0
-35 -175 0
-35 -179 0
-35 -180 0
-36 -151 0
-36 -153 0
-36 -154 0
-36 -157 0
-36 -159 0
-36 -164 0
-36 -169 0
-36 -172 0
-36 -174 0
-36 -177 0
-36 -179 0
-36 -180 0
-37 -153 0
-37 -156 0
-37 -161 0
-37 -162 0
-37 -166 0
-37 -168 0
-37 -169 0
-37 -176 0
-37 -178 0
-37 -179 0
-37 -180 0
-38 -151 0
-38 -160 0
-38 -164 0
-38 -165 0
-38 -166 0
-38 -171 0
-38 -173 0
-38 -174 0
-38 -175 0
-38 -179 0
-38 -180 0
-39 -151 0
-39 -153 0
-39 -156 0
-39 -161 0
-39 -162 0
-39 -163 0
-39 -164 0
-39 -166 0
-39 -167 0
-39 -169 0
-39 -170 0
-39 -173 0
-39 -175 0
-39 -177 0
-39 -179 0
-39 -180 0
-40 -154 0
-40 -158 0
-40 -161 0
-40 -166 0
-40 -179 0
-40 -180 0
-41 -155 0
-41 -157 0
-41 -159 0
-41 -160 0
-41 -168 0
-41 -170 0
-41 -172 0
-41 -179 0
-41 -180 0
-42 -157 0
-42 -159 0
-42 -164 0
-42 -169 0
-42 -172 0
-42 -173 0
-42 -174 0
-42 -175 0
-42 -179 0
-42 -180 0
-43 -159 0
-43 -165 0
-43 -168 0
-43 -173 0
-43 -176 0
-43 -179 0
-43 -180 0
-44 -154 0
-44 -156 0
-44 -158 0
-44 -159 0
-44 -162 0
-44 -166 0
-44 -170 0
-44 -173 0
-44 -174 0
-44 -176 0
-44 -178 0
-44 -179 0
-44 -180 0
-45 -158 0
-45 -163 0
-45 -166 0
-45 -170 0
-45 -171 0
-45 -174 0
-45 -175 0
-45 -179 0
-45 -180 0
-46 -157 0
-46 -158 0
-46 -159 0
-46 -160 0
-46 -164 0
-46 -165 0
-46 -169 0
-46 -172 0
-46 -174 0
-46 -176 0
-46 -177 0
-46 -178 0
-46 -179 0
-46 -180 0
-47 -153 0
-47 -155 0
-47 -159 0
-47 -172 0
-47 -173 0
-47 -174 0
-47 -175 0
-47 -176 0
-47 -177 0
-47 -179 0
-47 -180 0
-48 -151 0
-48 -154 0
-48 -157 0
-48 -161 0
-48 -163 0
-48 -169 0
-48 -172 0
-48 -174 0
-48 -175 0
-48 -176 0
-48 -179 0
-48 -180 0
-49 -152 0
-49 -155 0
-49 -156 0
-49 -157 0
-49 -159 0
-49 -162 0
-49 -166 0
-49 -168 0
-49 -171 0
-49 -172 0
-49 -174 0
-49 -175 0
-49 -178 0
-49 -179 0
-49 -180 0
-50 -152 0
-50 -153 0
-50 -159 0
-50 -161 0
-50 -164 0
-50 -165 0
-50 -172 0
-50 -173 0
-50 -177 0
-50 -178 0
-50 -179 0
-50 -180 0
-51 -152 0
-51 -153 0
-51 -158 0
-51 -165 0
-51 -169 0
-51 -173 0
-51 -179 0
-51 -180 0
-52 -153 0
-52 -155 0
-52 -156 0
-52 -161 0
-52 -162 0
-52 -166 0
-52 -167 0
-52 -168 0
-52 -169 0
-52 -170 0
-52 -176 0
-52 -179 0
-52 -180 0
-53 -153 0
-53 -158 0
-53 -159 0
-53 -162 0
-53 -163 0
-53 -164 0
-53 -167 0
-53 -170 0
-53 -171 0
-53 -174 0
-53 -178 0
-53 -179 0
-53 -180 0
-54 -151 0
-54 -155 0
-54 -156 0
-54 -158 0
-54 -162 0
-54 -164 0
-54 -165 0
-54 -166 0
-54 -167 0
-54 -168 0
-54 -169 0
-54 -173 0
-54 -177 0
-54 -178 0
-54 -179 0
-54 -180 0
-55 -155 0
-55 -158 0
-55 -159 0
-55 -162 0
-55 -165 0
-55 -167 0
-55 -168 0
-55 -169 0
-55 -179 0
-55 -180 0
-56 -153 0
-56 -157 0
-56 -163 0
-56 -164 0
-56 -166 0
-56 -167 0
-56 -168 0
-56 -172 0
-56 -179 0
-56 -180 0
-57 -153 0
-57 -154 0
-57 -156 0
-57 -159 0
-57 -166 0
-57 -167 0
-57 -170 0
-57 -174 0
-57 -178 0
-57 -179 0
-57 -180 0
-58 -151 0
-58 -157 0
-58 -164 0
-58 -166 0
-58 -169 0
-58 -170 0
-58 -173 0
-58 -174 0
-58 -177 0
-58 -179 0
-58 -180 0
-59 -151 0
-59 -152 0
-59 -153 0
-59 -154 0
-59 -155 0
-59 -156 0
-59 -157 0
-59 -158 0
-59 -159 0
-59 -160 0
-59 -161 0
-59 -162 0
-59 -163 0
-59 -164 0
-59 -165 0
-59 -166 0
-59 -167 0
-59 -168 0
-59 -169 0
-59 -170 0
-59 -171 0
-59 -172 0
-59 -173 0
-59 -174 0
-59 -175 0
-59 -176 0
-59 -177 0
-59 -178 0
-59 -180 0
-60 -151 0
-60 -152 0
-60 -153 0
-60 -154 0
-60 -155 0
-60 -156 0
-60 -157 0
-60 -158 0
-60 -159 0
-60 -160 0
-60 -161 0
-60 -162 0
-60 -163 0
-60 -164 0
-60 -165 0
-60 -166 0
-60 -167 0
-60 -168 0
-60 -169 0
-60 -170 0
-60 -171 0
-60 -172 0
-60 -173 0
-60 -174 0
-60 -175 0
-60 -176 0
-60 -177 0
-60 -178 0
-60 -179 0
-61 -95 0
-61 -96 0
-61 -98 0
-61 -99 0
-61 -108 0
-61 -114 0
-61 -118 0
-61 -119 0
-61 -120 0
-62 -95 0
-62 -109 0
-62 -110 0
-62 -111 0
-62 -119 0
-62 -120 0
-63 -96 0
-63 -97 0
-63 -99 0
-63 -107 0
-63 -110 0
-63 -111 0
-63 -112 0
-63 -113 0
-63 -116 0
-63 -117 0
-63 -119 0
-63 -120 0
-64 -95 0
-64 -96 0
-64 -100 0
-64 -104 0
-64 -108 0
-64 -117 0
-64 -119 0
-64 -120 0
-65 -91 0
-65 -92 0
-65 -94 0
-65 -101 0
-65 -107 0
-65 -109 0
-65 -112 0
-65 -114 0
-65 -115 0
-65 -119 0
-65 -120 0
-66 -91 0
-66 -93 0
-66 -94 0
-66 -97 0
-66 -99 0
-66 -104 0
-66 -109 0
-66 -112 0
-66 -114 0
-66 -117 0
-66 -119 0
-66 -120 0
-67 -93 0
-67 -96 0
-67 -101 0
-67 -102 0
-67 -106 0
-67 -108 0
-67 -109 0
-67 -116 0
-67 -118 0
-67 -119 0
-67 -120 0
-68 -91 0
-68 -100 0
-68 -104 0
-68 -105 0
-68 -106 0
-68 -111 0
-68 -113 0
-68 -114 0
-68 -115 0
-68 -119 0
-68 -120 0
-69 -91 0
-69 -93 0
-69 -96 0
-69 -101 0
-69 -102 0
-69 -103 0
-69 -104 0
-69 -106 0
-69 -107 0
-69 -109 0
-69 -110 0
-69 -113 0
-69 -115 0
-69 -117 0
-69 -119 0
-69 -120 0
-70 -94 0
-70 -98 0
-70 -101 0
-70 -106 0
-70 -119 0
-70 -120 0
-71 -95 0
-71 -97 0
-71 -99 0
-71 -100 0
-71 -108 0
-71 -110 0
-71 -112 0
-71 -119 0
-71 -120 0
-72 -97 0
-72 -99 0
-72 -104 0
-72 -109 0
-72 -112 0
-72 -113 0
-72 -114 0
-72 -115 0
-72 -119 0
-72 -120 0
-73 -99 0
-73 -105 0
-73 -108 0
-73 -113 0
-73 -116 0
-73 -119 0
-73 -120 0
-74 -94 0
-74 -96 0
-74 -98 0
-74 -99 0
-74 -102 0
-74 -106 0
-74 -110 0
-74 -113 0
-74 -114 0
-74 -116 0
-74 -118 0
-74 -119 0
-74 -120 0
-75 -98 0
-75 -103 0
-75 -106 0
-75 -110 0
-75 -111 0
-75 -114 0
-75 -115 0
-75 -119 0
-75 -120 0
-76 -97 0
-76 -98 0
-76 -99 0
-76 -100 0
-76 -104 0
-76 -105 0
-76 -109 0
-76 -112 0
-76 -114 0
-76 -116 0
-76 -117 0
-76 -118 0
-76 -119 0
-76 -120 0
-77 -93 0
-77 -95 0
-77 -99 0
-77 -112 0
-77 -113 0
-77 -114 0
-77 -115 0
-77 -116 0
-77 -117 0
-77 -119 0
-77 -120 0
-78 -91 0
-78 -94 0
-78 -97 0
-78 -101 0
-78 -103 0
-78 -109 0
-78 -112 0
-78 -114 0
-78 -115 0
-78 -116 0
-78 -119 0
-78 -120 0
-79 -92 0
-79 -95 0
-79 -96 0
-79 -97 0
-79 -99 0
-79 -102 0
-79 -106 0
-79 -108 0
-79 -111 0
-79 -112 0
-79 -114 0
-79 -115 0
-79 -118 0
-79 -119 0
-79 -120 0
-80 -92 0
-80 -93 0
-80 -99 0
-80 -101 0
-80 -104 0
-80 -105 0
-80 -112 0
-80 -113 0
-80 -117 0
-80 -118 0
-80 -119 0
-80 -120 0
-81 -92 0
-81 -93 0
-81 -98 0
-81 -105 0
-81 -109 0
-81 -113 0
-81 -119 0
-81 -120 0
-82 -93 0
-82 -95 0
-82 -96 0
-82 -101 0
-82 -102 0
-82 -106 0
-82 -107 0
-82 -108 0
-82 -109 0
-82 -110 0
-82 -116 0
-82 -119 0
-82 -120 0
-83 -93 0
-83 -98 0
-83 -99 0
-83 -102 0
-83 -103 0
-83 -104 0
-83 -107 0
-83 -110 0
-83 -111 0
-83 -114 0
-83 -118 0
-83 -119 0
-83 -120 0
-84 -91 0
-84 -95 0
-84 -96 0
-84 -98 0
-84 -102 0
-84 -104 0
-84 -105 0
-84 -106 0
-84 -107 0
-84 -108 0
-84 -109 0
-84 -113 0
-84 -117 0
-84 -118 0
-84 -119 0
-84 -120 0
-85 -95 0
-85 -98 0
-85 -99 0
-85 -102 0
-85 -105 0
-85 -107 0
-85 -108 0
-85 -109 0
-85 -119 0
-85 -120 0
-86 -93 0
-86 -97 0
-86 -103 0
-86 -104 0
-86 -106 0
-86 -107 0
-86 -108 0
-86 -112 0
-86 -119 0
-86 -120 0
-87 -93 0
-87 -94 0
-87 -96 0
-87 -99 0
-87 -106 0
-87 -107 0
-87 -110 0
-87 -114 0
-87 -118 0
-87 -119 0
-87 -120 0
-88 -91 0
-88 -97 0
-88 -104 0
-88 -106 0
-88 -109 0
-88 -110 0
-88 -113 0
-88 -114 0
-88 -117 0
-88 -119 0
-88 -120 0
-89 -91 0
-89 -92 0
-89 -93 0
-89 -94 0
-89 -95 0
-89 -96 0
-89 -97 0
-89 -98 0
-89 -99 0
-89 -100 0
-89 -101 0
-89 -102 0
-89 -103 0
-89 -104 0
-89 -105 0
-89 -106 0
-89 -107 0
-89 -108 0
-89 -109 0
-89 -110 0
-89 -111 0
-89 -112 0
-89 -113 0
-89 -114 0
-89 -115 0
-89 -116 0
-89 -117 0
-89 -118 0
-89 -120 0
-90 -91 0
-90 -92 0
-90 -93 0
-90 -94 0
-90 -95 0
-90 -96 0
-90 -97 0
-90 -98 0
-90 -99 0
-90 -100 0
-90 -101 0
-90 -102 0
-90 -103 0
-90 -104 0
-90 -105 0
-90 -106 0
-90 -107 0
-90 -108 0
-90 -109 0
-90 -110 0
-90 -111 0
-90 -112 0
-90 -113 0
-90 -114 0
-90 -115 0
-90 -116 0
-90 -117 0
-90 -118 0
-90 -119 0
-61 -125 0
-61 -126 0
-61 -128 0
-61 -129 0
-61 -138 0
-61 -144 0
-61 -148 0
-61 -149 0
-61 -150 0
-62 -125 0
-62 -139 0
-62 -140 0
-62 -141 0
-62 -149 0
-62 -150 0
-63 -126 0
-63 -127 0
-63 -129 0
-63 -137 0
-63 -140 0
-63 -141 0
-63 -142 0
-63 -143 0
-63 -146 0
-63 -147 0
-63 -149 0
-63 -150 0
-64 -125 0
-64 -126 0
-64 -130 0
-64 -134 0
-64 -138 0
-64 -147 0
-64 -149 0
-64 -150 0
-65 -121 0
-65 -122 0
-65 -124 0
-65 -131 0
-65 -137 0
-65 -139 0
-65 -142 0
-65 -144 0
-65 -145 0
-65 -149 0
-65 -150 0
-66 -121 0
-66 -123 0
-66 -124 0
-66 -127 0
-66 -129 0
-66 -134 0
-66 -139 0
-66 -142 0
-66 -144 0
-66 -147 0
-66 -149 0
-66 -150 0
-67 -123 0
-67 -126 0
-67 -131 0
-67 -132 0
-67 -136 0
-67 -138 0
-67 -139 0
-67 -146 0
-67 -148 0
-67 -149 0
-67 -150 0
-68 -121 0
-68 -130 0
-68 -134 0
-68 -135 0
-68 -136 0
-68 -141 0
-68 -143 0
-68 -144 0
-68 -145 0
-68 -149 0
-68 -150 0
-69 -121 0
-69 -123 0
-69 -126 0
-69 -131 0
-69 -132 0
-69 -133 0
-69 -134 0
-69 -136 0
-69 -137 0
-69 -139 0
-69 -140 0
-69 -143 0
-69 -145 0
-69 -147 0
-69 -149 0
-69 -150 0
-70 -124 0
-70 -128 0
-70 -131 0
-70 -136 0
-70 -149 0
-70 -150 0
-71 -125 0
-71 -127 0
-71 -129 0
-71 -130 0
-71 -138 0
-71 -140 0
-71 -142 0
-71 -149 0
-71 -150 0
-72 -127 0
-72 -129 0
-72 -134 0
-72 -139 0
-72 -142 0
-72 -143 0
-72 -144 0
-72 -145 0
-72 -149 0
-72 -150 0
-73 -129 0
-73 -135 0
-73 -138 0
-73 -143 0
-73 -146 0
-73 -149 0
-73 -150 0
-74 -124 0
-74 -126 0
-74 -128 0
-74 -129 0
-74 -132 0
-74 -136 0
-74 -140 0
-74 -143 0
-74 -144 0
-74 -146 0
-74 -148 0
-74 -149 0
-74 -150 0
-75 -128 0
-75 -133 0
-75 -136 0
-75 -140 0
-75 -141 0
-75 -144 0
-75 -145 0
-75 -149 0
-75 -150 0
-76 -127 0
-76 -128 0
-76 -129 0
-76 -130 0
-76 -134 0
-76 -135 0
-76 -139 0
-76 -142 0
-76 -144 0
-76 -146 0
-76 -147 0
-76 -148 0
-76 -149 0
-76 -150 0
-77 -123 0
-77 -125 0
-77 -129 0
-77 -142 0
-77 -143 0
-77 -144 0
-77 -145 0
-77 -146 0
-77 -147 0
-77 -149 0
-77 -150 0
-78 -121 0
-78 -124 0
-78 -127 0
-78 -131 0
-78 -133 0
-78 -139 0
-78 -142 0
-78 -144 0
-78 -145 0
-78 -146 0
-78 -149 0
-78 -150 0
-79 -122 0
-79 -125 0
-79 -126 0
-79 -127 0
-79 -129 0
-79 -132 0
-79 -136 0
-79 -138 0
-79 -141 0
-79 -142 0
-79 -144 0
-79 -145 0
-79 -148 0
-79 -149 0
-79 -150 0
-80 -122 0
-80 -123 0
-80 -129 0
-80 -131 0
-80 -134 0
-80 -135 0
-80 -142 0
-80 -143 0
-80 -147 0
-80 -148 0
-80 -149 0
-80 -150 0
-81 -122 0
-81 -123 0
-81 -128 0
-81 -135 0
-81 -139 0
-81 -143 0
-81 -149 0
-81 -150 0
-82 -123 0
-82 -125 0
-82 -126 0
-82 -131 0
-82 -132 0
-82 -136 0
-82 -137 0
-82 -138 0
-82 -139 0
-82 -140 0
-82 -146 0
-82 -149 0
-82 -150 0
-83 -123 0
-83 -128 0
-83 -129 0
-83 -132 0
-83 -133 0
-83 -134 0
-83 -137 0
-83 -140 0
-83 -141 0
-83 -144 0
-83 -148 0
-83 -149 0
-83 -150 0
-84 -121 0
-84 -125 0
-84 -126 0
-84 -128 0
-84 -132 0
-84 -134 0
-84 -135 0
-84 -136 0
-84 -137 0
-84 -138 0
-84 -139 0
-84 -143 0
-84 -147 0
-84 -148 0
-84 -149 0
-84 -150 0
-85 -125 0
-85 -128 0
-85 -129 0
-85 -132 0
-85 -135 0
-85 -137 0
-85 -138 0
-85 -139 0
-85 -149 0
-85 -150 0
-86 -123 0
-86 -127 0
-86 -133 0
-86 -134 0
-86 -136 0
-86 -137 0
-86 -138 0
-86 -142 0
-86 -149 0
-86 -150 0
-87 -123 0
-87 -124 0
-87 -126 0
-87 -129 0
-87 -136 0
-87 -137 0
-87 -140 0
-87 -144 0
-87 -148 0
-87 -149 0
-87 -150 0
-88 -121 0
-88 -127 0
-88 -134 0
-88 -136 0
-88 -139 0
-88 -140 0
-88 -143 0
-88 -144 0
-88 -147 0
-88 -149 0
-88 -150 0
-89 -121 0
-89 -122 0
-89 -123 0
-89 -124 0
-89 -125 0
-89 -126 0
-89 -127 0
-89 -128 0
-89 -129 0
-89 -130 0
-89 -131 0
-89 -132 0
-89 -133 0
-89 -134 0
-89 -135 0
-89 -136 0
-89 -137 0
-89 -138 0
-89 -139 0
-89 -140 0
-89 -141 0
-89 -142 0
-89 -143 0
-89 -144 0
-89 -145 0
-89 -146 0
-89 -147 0
-89 -148 0
-89 -150 0
-90 -121 0
-90 -122 0
-90 -123 0
-90 -124 0
-90 -125 0
-90 -126 0
-90 -127 0
-90 -128 0
-90 -129 0
-90 -130 0
-90 -131 0
-90 -132 0
-90 -133 0
-90 -134 0
-90 -135 0
-90 -136 0
-90 -137 0
-90 -138 0
-90 -139 0
-90 -140 0
-90 -141 0
-90 -142 0
-90 -143 0
-90 -144 0
-90 -145 0
-90 -146 0
-90 -147 0
-90 -148 0
-90 -149 0
-61 -155 0
-61 -156 0
-61 -158 0
-61 -159 0
-61 -168 0
-61 -174 0
-61 -178 0
-61 -179 0
-61 -180 0
-62 -155 0
-62 -169 0
-62 -170 0
-62 -171 0
-62 -179 0
-62 -180 0
-63 -156 0
-63 -157 0
-63 -159 0
-63 -167 0
-63 -170 0
-63 -171 0
-63 -172 0
-63 -173 0
-63 -176 0
-63 -177 0
-63 -179 0
-63 -180 0
-64 -155 0
-64 -156 0
-64 -160 0
-64 -164 0
-64 -168 0
-64 -177 0
-64 -179 0
-64 -180 0
-65 -151 0
-65 -152 0
-65 -154 0
-65 -161 0
-65 -167 0
-65 -169 0
-65 -172 0
-65 -174 0
-65 -175 0
-65 -179 0
-65 -180 0
-66 -151 0
-66 -153 0
-66 -154 0
-66 -157 0
-66 -159 0
-66 -164 0
-66 -169 0
-66 -172 0
-66 -174 0
-66 -177 0
-66 -179 0
-66 -180 0
-67 -153 0
-67 -156 0
-67 -161 0
-67 -162 0
-67 -166 0
-67 -168 0
-67 -169 0
-67 -176 0
-67 -178 0
-67 -179 0
-67 -180 0
-68 -151 0
-68 -160 0
-68 -164 0
-68 -165 0
-68 -166 0
-68 -171 0
-68 -173 0
-68 -174 0
-68 -175 0
-68 -179 0
-68 -180 0
-69 -151 0
-69 -153 0
-69 -156 0
-69 -161 0
-69 -162 0
-69 -163 0
-69 -164 0
-69 -166 0
-69 -167 0
-69 -169 0
-69 -170 0
-69 -173 0
-69 -175 0
-69 -177 0
-69 -179 0
-69 -180 0
-70 -154 0
-70 -158 0
-70 -161 0
-70 -166 0
-70 -179 0
-70 -180 0
-71 -155 0
-71 -157 0
-71 -159 0
-71 -160 0
-71 -168 0
-71 -170 0
-71 -172 0
-71 -179 0
-71 -180 0
-72 -157 0
-72 -159 0
-72 -164 0
-72 -169 0
-72 -172 0
-72 -173 0
-72 -174 0
-72 -175 0
-72 -179 0
-72 -180 0
-73 -159 0
-73 -165 0
-73 -168 0
-73 -173 0
-73 -176 0
-73 -179 0
-73 -180 0
-74 -154 0
-74 -156 0
-74 -158 0
-74 -159 0
-74 -162 0
-74 -166 0
-74 -170 0
-74 -173 0
-74 -174 0
-74 -176 0
-74 -178 0
-74 -179 0
-74 -180 0
-75 -158 0
-75 -163 0
-75 -166 0
-75 -170 0
-75 -171 0
-75 -174 0
-75 -175 0
-75 -179 0
-75 -180 0
-76 -157 0
-76 -158 0
-76 -159 0
-76 -160 0
-76 -164 0
-76 -165 0
-76 -169 0
-76 -172 0
-76 -174 0
-76 -176 0
-76 -177 0
-76 -178 0
-76 -179 0
-76 -180 0
-77 -153 0
-77 -155 0
-77 -159 0
-77 -172 0
-77 -173 0
-77 -174 0
-77 -175 0
-77 -176 0
-77 -177 0
-77 -179 0
-77 -180 0
-78 -151 0
-78 -154 0
-78 -157 0
-78 -161 0
-78 -163 0
-78 -169 0
-78 -172 0
-78 -174 0
-78 -175 0
-78 -176 0
-78 -179 0
-78 -180 0
-79 -152 0
-79 -155 0
-79 -156 0
-79 -157 0
-79 -159 0
-79 -162 0
-79 -166 0
-79 -168 0
-79 -171 0
-79 -172 0
-79 -174 0
-79 -175 0
-79 -178 0
-79 -179 0
-79 -180 0
-80 -152 0
-80 -153 0
-80 -159 0
-80 -161 0
-80 -164 0
-80 -165 0
-80 -172 0
-80 -173 0
-80 -177 0
-80 -178 0
-80 -179 0
-80 -180 0
-81 -152 0
-81 -153 0
-81 -158 0
-81 -165 0
-81 -169 0
-81 -173 0
-81 -179 0
-81 -180 0
-82 -153 0
-82 -155 0
-82 -156 0
-82 -161 0
-82 -162 0
-82 -166 0
-82 -167 0
-82 -168 0
-82 -169 0
-82 -170 0
-82 -176 0
-82 -179 0
-82 -180 0
-83 -153 0
-83 -158 0
-83 -159 0
-83 -162 0
-83 -163 0
-83 -164 0
-83 -167 0
-83 -170 0
-83 -171 0
-83 -174 0
-83 -178 0
-83 -179 0
-83 -180 0
-84 -151 0
-84 -155 0
-84 -156 0
-84 -158 0
-84 -162 0
-84 -164 0
-84 -165 0
-84 -166 0
-84 -167 0
-84 -168 0
-84 -169 0
-84 -173 0
-84 -177 0
-84 -178 0
-84 -179 0
-84 -180 0
-85 -155 0
-85 -158 0
-85 -159 0
-85 -162 0
-85 -165 0
-85 -167 0
-85 -168 0
-85 -169 0
-85 -179 0
-85 -180 0
-86 -153 0
-86 -157 0
-86 -163 0
-86 -164 0
-86 -166 0
-86 -167 0
-86 -168 0
-86 -172 0
-86 -179 0
-86 -180 0
-87 -153 0
-87 -154 0
-87 -156 0
-87 -159 0
-87 -166 0
-87 -167 0
-87 -170 0
-87 -174 0
-87 -178 0
-87 -179 0
-87 -180 0
-88 -151 0
-88 -157 0
-88 -164 0
-88 -166 0
-88 -169 0
-88 -170 0
-88 -173 0
-88 -174 0
-88 -177 0
-88 -179 0
-88 -180 0
-89 -151 0
-89 -152 0
-89 -153 0
-89 -154 0
-89 -155 0
-89 -156 0
-89 -157 0
-89 -158 0
-89 -159 0
-89 -160 0
-89 -161 0
-89 -162 0
-89 -163 0
-89 -164 0
-89 -165 0
-89 -166 0
-89 -167 0
-89 -168 0
-89 -169 0
-89 -170 0
-89 -171 0
-89 -172 0
-89 -173 0
-89 -174 0
-89 -175 0
-89 -176 0
-89 -177 0
-89 -178 0
-89 -180 0
-90 -151 0
-90 -152 0
-90 -153 0
-90 -154 0
-90 -155 0
-90 -156 0
-90 -157 0
-90 -158 0
-90 -159 0
-90 -160 0
-90 -161 0
-90 -162 0
-90 -163 0
-90 -164 0
-90 -165 0
-90 -166 0
-90 -167 0
-90 -168 0
-90 -169 0
-90 -170 0
-90 -171 0
-90 -172 0
-90 -173 0
-90 -174 0
-90 -175 0
-90 -176 0
-90 -177 0
-90 -178 0
-90 -179 0
-91 -125 0
-91 -126 0
-91 -128 0
-91 -129 0
-91 -138 0
-91 -144 0
-91 -148 0
-91 -149 0
-91 -150 0
-92 -125 0
-92 -139 0
-92 -140 0
-92 -141 0
-92 -149 0
-92 -150 0
-93 -126 0
-93 -127 0
-93 -129 0
-93 -137 0
-93 -140 0
-93 -141 0
-93 -142 0
-93 -143 0
-93 -146 0
-93 -147 0
-93 -149 0
-93 -150 0
-94 -125 0
-94 -126 0
-94 -130 0
-94 -134 0
-94 -138 0
-94 -147 0
-94 -149 0
-94 -150 0
-95 -121 0
-95 -122 0
-95 -124 0
-95 -131 0
-95 -137 0
-95 -139 0
-95 -142 0
-95 -144 0
-95 -145 0
-95 -149 0
-95 -150 0
-96 -121 0
-96 -123 0
-96 -124 0
-96 -127 0
-96 -129 0
-96 -134 0
-96 -139 0
-96 -142 0
-96 -144 0
-96 -147 0
-96 -149 0
-96 -150 0
-97 -123 0
-97 -126 0
-97 -131 0
-97 -132 0
-97 -136 0
-97 -138 0
-97 -139 0
-97 -146 0
-97 -148 0
-97 -149 0
-97 -150 0
-98 -121 0
-98 -130 0
-98 -134 0
-98 -135 0
-98 -136 0
-98 -141 0
-98 -143 0
-98 -144 0
-98 -145 0
-98 -149 0
-98 -150 0
-99 -121 0
-99 -123 0
-99 -126 0
-99 -131 0
-99 -132 0
-99 -133 0
-99 -134 0
-99 -136 0
-99 -137 0
-99 -139 0
-99 -140 0
-99 -143 0
-99 -145 0
-99 -147 0
-99 -149 0
-99 -150 0
-100 -124 0
-100 -128 0
-100 -131 0
-100 -136 0
-100 -149 0
-100 -150 0
-101 -125 0
-101 -127 0
-101 -129 0
-101 -130 0
-101 -138 0
-101 -140 0
-101 -142 0
-101 -149 0
-101 -150 0
-102 -127 0
-102 -129 0
-102 -134 0
-102 -139 0
-102 -142 0
-102 -143 0
-102 -144 0
-102 -145 0
-102 -149 0
-102 -150 0
-103 -129 0
-103 -135 0
-103 -138 0
-103 -143 0
-103 -146 0
-103 -149 0
-103 -150 0
-104 -124 0
-104 -126 0
-104 -128 0
-104 -129 0
-104 -132 0
-104 -136 0
-104 -140 0
-104 -143 0
-104 -144 0
-104 -146 0
-104 -148 0
-104 -149 0
-104 -150 0
-105 -128 0
-105 -133 0
-105 -136 0
-105 -140 0
-105 -141 0
-105 -144 0
-105 -145 0
-105 -149 0
-105 -150 0
-106 -127 0
-106 -128 0
-106 -129 0
-106 -130 0
-106 -134 0
-106 -135 0
-106 -139 0
-106 -142 0
-106 -144 0
-106 -146 0
-106 -147 0
-106 -148 0
-106 -149 0
-106 -150 0
-107 -123 0
-107 -125 0
-107 -129 0
-107 -142 0
-107 -143 0
-107 -144 0
-107 -145 0
-107 -146 0
-107 -147 0
-107 -149 0
-107 -150 0
-108 -121 0
-108 -124 0
-108 -127 0
-108 -131 0
-108 -133 0
-108 -139 0
-108 -142 0
-108 -144 0
-108 -145 0
-108 -146 0
-108 -149 0
-108 -150 0
-109 -122 0
-109 -125 0
-109 -126 0
-109 -127 0
-109 -129 0
-109 -132 0
-109 -136 0
-109 -138 0
-109 -141 0
-109 -142 0
-109 -144 0
-109 -145 0
-109 -148 0
-109 -149 0
-109 -150 0
-110 -122 0
-110 -123 0
-110 -129 0
-110 -131 0
-110 -134 0
-110 -135 0
-110 -142 0
-110 -143 0
-110 -147 0
-110 -148 0
-110 -149 0
-110 -150 0
-111 -122 0
-111 -123 0
-111 -128 0
-111 -135 0
-111 -139 0
-111 -143 0
-111 -149 0
-111 -150 0
-112 -123 0
-112 -125 0
-112 -126 0
-112 -131 0
-112 -132 0
-112 -136 0
-112 -137 0
-112 -138 0
-112 -139 0
-112 -140 0
-112 -146 0
-112 -149 0
-112 -150 0
-113 -123 0
-113 -128 0
-113 -129 0
-113 -132 0
-113 -133 0
-113 -134 0
-113 -137 0
-113 -140 0
-113 -141 0
-113 -144 0
-113 -148 0
-113 -149 0
-113 -150 0
-114 -121 0
-114 -125 0
-114 -126 0
-114 -128 0
-114 -132 0
-114 -134 0
-114 -135 0
-114 -136 0
-114 -137 0
-114 -138 0
-114 -139 0
-114 -143 0
-114 -147 0
-114 -148 0
-114 -149 0
-114 -150 0
-115 -125 0
-115 -128 0
-115 -129 0
-115 -132 0
-115 -135 0
-115 -137 0
-115 -138 0
-115 -139 0
-115 -149 0
-115 -150 0
-116 -123 0
-116 -127 0
-116 -133 0
-116 -134 0
-116 -136 0
-116 -137 0
-116 -138 0
-116 -142 0
-116 -149 0
-116 -150 0
-117 -123 0
-117 -124 0
-117 -126 0
-117 -129 0
-117 -136 0
-117 -137 0
-117 -140 0
-117 -144 0
-117 -148 0
-117 -149 0
-117 -150 0
-118 -121 0
-118 -127 0
-118 -134 0
-118 -136 0
-118 -139 0
-118 -140 0
-118 -143 0
-118 -144 0
-118 -147 0
-118 -149 0
-118 -150 0
-119 -121 0
-119 -122 0
-119 -123 0
-119 -124 0
-119 -125 0
-119 -126 0
-119 -127 0
-119 -128 0
-119 -129 0
-119 -130 0
-119 -131 0
-119 -132 0
-119 -133 0
-119 -134 0
-119 -135 0
-119 -136 0
-119 -137 0
-119 -138 0
-119 -139 0
-119 -140 0
-119 -141 0
-119 -142 0
-119 -143 0
-119 -144 0
-119 -145 0
-119 -146 0
-119 -147 0
-119 -148 0
-119 -150 0
-120 -121 0
-120 -122 0
-120 -123 0
-120 -124 0
-120 -125 0
-120 -126 0
-120 -127 0
-120 -128 0
-120 -129 0
-120 -130 0
-120 -131 0
-120 -132 0
-120 -133 0
-120 -134 0
-120 -135 0
-120 -136 0
-120 -137 0
-120 -138 0
-120 -139 0
-120 -140 0
-120 -141 0
-120 -142 0
-120 -143 0
-120 -144 0
-120 -145 0
-120 -146 0
-120 -147 0
-120 -148 0
-120 -149 0
-91 -155 0
-91 -156 0
-91 -158 0
-91 -159 0
-91 -168 0
-91 -174 0
-91 -178 0
-91 -179 0
-91 -180 0
-92 -155 0
-92 -169 0
-92 -170 0
-92 -171 0
-92 -179 0
-92 -180 0
-93 -156 0
-93 -157 0
-93 -159 0
-93 -167 0
-93 -170 0
-93 -171 0
-93 -172 0
-93 -173 0
-93 -176 0
-93 -177 0
-93 -179 0
-93 -180 0
-94 -155 0
-94 -156 0
-94 -160 0
-94 -164 0
-94 -168 0
-94 -177 0
-94 -179 0
-94 -180 0
-95 -151 0
-95 -152 0
-95 -154 0
-95 -161 0
-95 -167 0
-95 -169 0
-95 -172 0
-95 -174 0
-95 -175 0
-95 -179 0
-95 -180 0
-96 -151 0
-96 -153 0
-96 -154 0
-96 -157 0
-96 -159 0
-96 -164 0
-96 -169 0
-96 -172 0
-96 -174 0
-96 -177 0
-96 -179 0
-96 -180 0
-97 -153 0
-97 -156 0
-97 -161 0
-97 -162 0
-97 -166 0
-97 -168 0
-97 -169 0
-97 -176 0
-97 -178 0
-97 -179 0
-97 -180 0
-98 -151 0
-98 -160 0
-98 -164 0
-98 -165 0
-98 -166 0
-98 -171 0
-98 -173 0
-98 -174 0
-98 -175 0
-98 -179 0
-98 -180 0
-99 -151 0
-99 -153 0
-99 -156 0
-99 -161 0
-99 -162 0
-99 -163 0
-99 -164 0
-99 -166 0
-99 -167 0
-99 -169 0
-99 -170 0
-99 -173 0
-99 -175 0
-99 -177 0
-99 -179 0
-99 -180 0
-100 -154 0
-100 -158 0
-100 -161 0
-100 -166 0
-100 -179 0
-100 -180 0
-101 -155 0
-101 -157 0
-101 -159 0
-101 -160 0
-101 -168 0
-101 -170 0
-101 -172 0
-101 -179 0
-101 -180 0
-102 -157 0
-102 -159 0
-102 -164 0
-102 -169 0
-102 -172 0
-102 -173 0
-102 -174 0
-102 -175 0
-102 -179 0
-102 -180 0
-103 -159 0
-103 -165 0
-103 -168 0
-103 -173 0
-103 -176 0
-103 -179 0
-103 -180 0
-104 -154 0
-104 -156 0
-104 -158 0
-104 -159 0
-104 -162 0
-104 -166 0
-104 -170 0
-104 -173 0
-104 -174 0
-104 -176 0
-104 -178 0
-104 -179 0
-104 -180 0
-105 -158 0
-105 -163 0
-105 -166 0
-105 -170 0
-105 -171 0
-105 -174 0
-105 -175 0
-105 -179 0
-105 -180 0
-106 -157 0
-106 -158 0
-106 -159 0
-106 -160 0
-106 -164 0
-106 -165 0
-106 -169 0
-106 -172 0
-106 -174 0
-106 -176 0
-106 -177 0
-106 -178 0
-106 -179 0
-106 -180 0
-107 -153 0
-107 -155 0
-107 -159 0
-107 -172 0
-107 -173 0
-107 -174 0
-107 -175 0
-107 -176 0
-107 -177 0
-107 -179 0
-107 -180 0
-108 -151 0
-108 -154 0
-108 -157 0
-108 -161 0
-108 -163 0
-108 -169 0
-108 -172 0
-108 -174 0
-108 -175 0
-108 -176 0
-108 -179 0
-108 -180 0
-109 -152 0
-109 -155 0
-109 -156 0
-109 -157 0
-109 -159 0
-109 -162 0
-109 -166 0
-109 -168 0
-109 -171 0
-109 -172 0
-109 -174 0
-109 -175 0
-109 -178 0
-109 -179 0
-109 -180 0
-110 -152 0
-110 -153 0
-110 -159 0
-110 -161 0
-110 -164 0
-110 -165 0
-110 -172 0
-110 -173 0
-110 -177 0
-110 -178 0
-110 -179 0
-110 -180 0
-111 -152 0
-111 -153 0
-111 -158 0
-111 -165 0
-111 -169 0
-111 -173 0
-111 -179 0
-111 -180 0
-112 -153 0
-112 -155 0
-112 -156 0
-112 -161 0
-112 -162 0
-112 -166 0
-112 -167 0
-112 -168 0
-112 -169 0
-112 -170 0
-112 -176 0
-112 -179 0
-112 -180 0
-113 -153 0
-113 -158 0
-113 -159 0
-113 -162 0
-113 -163 0
-113 -164 0
-113 -167 0
-113 -170 0
-113 -171 0
-113 -174 0
-113 -178 0
-113 -179 0
-113 -180 0
-114 -151 0
-114 -155 0
-114 -156 0
-114 -158 0
-114 -162 0
-114 -164 0
-114 -165 0
-114 -166 0
-114 -167 0
-114 -168 0
-114 -169 0
-114 -173 0
-114 -177 0
-114 -178 0
-114 -179 0
-114 -180 0
-115 -155 0
-115 -158 0
-115 -159 0
-115 -162 0
-115 -165 0
-115 -167 0
-115 -168 0
-115 -169 0
-115 -179 0
-115 -180 0
-116 -153 0
-116 -157 0
-116 -163 0
-116 -164 0
-116 -166 0
-116 -167 0
-116 -168 0
-116 -172 0
-116 -179 0
-116 -180 0
-117 -153 0
-117 -154 0
-117 -156 0
-117 -159 0
-117 -166 0
-117 -167 0
-117 -170 0
-117 -174 0
-117 -178 0
-117 -179 0
-117 -180 0
-118 -151 0
-118 -157 0
-118 -164 0
-118 -166 0
-118 -169 0
-118 -170 0
-118 -173 0
-118 -174 0
-118 -177 0
-118 -179 0
-118 -180 0
-119 -151 0
-119 -152 0
-119 -153 0
-119 -154 0
-119 -155 0
-119 -156 0
-119 -157 0
-119 -158 0
-119 -159 0
-119 -160 0
-119 -161 0
-119 -162 0
-119 -163 0
-119 -164 0
-119 -165 0
-119 -166 0
-119 -167 0
-119 -168 0
-119 -169 0
-119 -170 0
-119 -171 0
-119 -172 0
-119 -173 0
-119 -174 0
-119 -175 0
-119 -176 0
-119 -177 0
-119 -178 0
-119 -180 0
-120 -151 0
-120 -152 0
-120 -153 0
-120 -154 0
-120 -155 0
-120 -156 0
-120 -157 0
-120 -158 0
-120 -159 0
-120 -160 0
-120 -161 0
-120 -162 0
-120 -163 0
-120 -164 0
-120 -165 0
-120 -166 0
-120 -167 0
-120 -168 0
-120 -169 0
-120 -170 0
-120 -171 0
-120 -172 0
-120 -173 0
-120 -174 0
-120 -175 0
-120 -176 0
-120 -177 0
-120 -178 0
-120 -179 0
-121 -155 0
-121 -156 0
-121 -158 0
-121 -159 0
-121 -168 0
-121 -174 0
-121 -178 0
-121 -179 0
-121 -180 0
-122 -155 0
-122 -169 0
-122 -170 0
-122 -171 0
-122 -179 0
-122 -180 0
-123 -156 0
-123 -157 0
-123 -159 0
-123 -167 0
-123 -170 0
-123 -171 0
-123 -172 0
-123 -173 0
-123 -176 0
-123 -177 0
-123 -179 0
-123 -180 0
-124 -155 0
-124 -156 0
-124 -160 0
-124 -164 0
-124 -168 0
-124 -177 0
-124 -179 0
-124 -180 0
-125 -151 0
-125 -152 0
-125 -154 0
-125 -161 0
-125 -167 0
-125 -169 0
-125 -172 0
-125 -174 0
-125 -175 0
-125 -179 0
-125 -180 0
-126 -151 0
-126 -153 0
-126 -154 0
-126 -157 0
-126 -159 0
-126 -164 0
-126 -169 0
-126 -172 0
-126 -174 0
-126 -177 0
-126 -179 0
-126 -180 0
-127 -153 0
-127 -156 0
-127 -161 0
-127 -162 0
-127 -166 0
-127 -168 0
-127 -169 0
-127 -176 0
-127 -178 0
-127 -179 0
-127 -180 0
-128 -151 0
-128 -160 0
-128 -164 0
-128 -165 0
-128 -166 0
-128 -171 0
-128 -173 0
-128 -174 0
-128 -175 0
-128 -179 0
-128 -180 0
-129 -151 0
-129 -153 0
-129 -156 0
-129 -161 0
-129 -162 0
-129 -163 0
-129 -164 0
-129 -166 0
-129 -167 0
-129 -169 0
-129 -170 0
-129 -173 0
-129 -175 0
-129 -177 0
-129 -179 0
-129 -180 0
-130 -154 0
-130 -158 0
-130 -161 0
-130 -166 0
-130 -179 0
-130 -180 0
-131 -155 0
-131 -157 0
-131 -159 0
-131 -160 0
-131 -168 0
-131 -170 0
-131 -172 0
-131 -179 0
-131 -180 0
-132 -157 0
-132 -159 0
-132 -164 0
-132 -169 0
-132 -172 0
-132 -173 0
-132 -174 0
-132 -175 0
-132 -179 0
-132 -180 0
-133 -159 0
-133 -165 0
-133 -168 0
-133 -173 0
-133 -176 0
-133 -179 0
-133 -180 0
-134 -154 0
-134 -156 0
-134 -158 0
-134 -159 0
-134 -162 0
-134 -166 0
-134 -170 0
-134 -173 0
-134 -174 0
-134 -176 0
-134 -178 0
-134 -179 0
-134 -180 0
-135 -158 0
-135 -163 0
-135 -166 0
-135 -170 0
-135 -171 0
-135 -174 0
-135 -175 0
-135 -179 0
-135 -180 0
-136 -157 0
-136 -158 0
-136 -159 0
-136 -160 0
-136 -164 0
-136 -165 0
-136 -169 0
-136 -172 0
-136 -174 0
-136 -176 0
-136 -177 0
-136 -178 0
-136 -179 0
-136 -180 0
-137 -153 0
-137 -155 0
-137 -159 0
-137 -172 0
-137 -173 0
-137 -174 0
-137 -175 0
-137 -176 0
-137 -177 0
-137 -179 0
-137 -180 0
-138 -151 0
-138 -154 0
-138 -157 0
-138 -161 0
-138 -163 0
-138 -169 0
-138 -172 0
-138 -174 0
-138 -175 0
-138 -176 0
-138 -179 0
-138 -180 0
-139 -152 0
-139 -155 0
-139 -156 0
-139 -157 0
-139 -159 0
-139 -162 0
-139 -166 0
-139 -168 0
-139 -171 0
-139 -172 0
-139 -174 0
-139 -175 0
-139 -178 0
-139 -179 0
-139 -180 0
-140 -152 0
-140 -153 0
-140 -159 0
-140 -161 0
-140 -164 0
-140 -165 0
-140 -172 0
-140 -173 0
-140 -177 0
-140 -178 0
-140 -179 0
-140 -180 0
-141 -152 0
-141 -153 0
-141 -158 0
-141 -165 0
-141 -169 0
-141 -173 0
-141 -179 0
-141 -180 0
-142 -153 0
-142 -155 0
-142 -156 0
-142 -161 0
-142 -162 0
-142 -166 0
-142 -167 0
-142 -168 0
-142 -169 0
-142 -170 0
-142 -176 0
-142 -179 0
-142 -180 0
-143 -153 0
-143 -158 0
-143 -159 0
-143 -162 0
-143 -163 0
-143 -164 0
-143 -167 0
-143 -170 0
-143 -171 0
-143 -174 0
-143 -178 0
-143 -179 0
-143 -180 0
-144 -151 0
-144 -155 0
-144 -156 0
-144 -158 0
-144 -162 0
-144 -164 0
-144 -165 0
-144 -166 0
-144 -167 0
-144 -168 0
-144 -169 0
-144 -173 0
-144 -177 0
-144 -178 0
-144 -179 0
-144 -180 0
-145 -155 0
-145 -158 0
-145 -159 0
-145 -162 0
-145 -165 0
-145 -167 0
-145 -168 0
-145 -169 0
-145 -179 0
-145 -180 0
-146 -153 0
-146 -157 0
-146 -163 0
-146 -164 0
-146 -166 0
-146 -167 0
-146 -168 0
-146 -172 0
-146 -179 0
-146 -180 0
-147 -153 0
-147 -154 0
-147 -156 0
-147 -159 0
-147 -166 0
-147 -167 0
-147 -170 0
-147 -174 0
-147 -178 0
-147 -179 0
-147 -180 0
-148 -151 0
-148 -157 0
-148 -164 0
-148 -166 0
-148 -169 0
-148 -170 0
-148 -173 0
-148 -174 0
-148 -177 0
-148 -179 0
-148 -180 0
-149 -151 0
-149 -152 0
-149 -153 0
-149 -154 0
-149 -155 0
-149 -156 0
-149 -157 0
-149 -158 0
-149 -159 0
-149 -160 0
-149 -161 0
-149 -162 0
-149 -163 0
-149 -164 0
-149 -165 0
-149 -166 0
-149 -167 0
-149 -168 0
-149 -169 0
-149 -170 0
-149 -171 0
-149 -172 0
-149 -173 0
-149 -174 0
-149 -175 0
-149 -176 0
-149 -177 0
-149 -178 0
-149 -180 0
-150 -151 0
-150 -152 0
-150 -153 0
-150 -154 0
-150 -155 0
-150 -156 0
-150 -157 0
-150 -158 0
-150 -159 0
-150 -160 0
-150 -161 0
-150 -162 0
-150 -163 0
-150 -164 0
-150 -165 0
-150 -166 0
-150 -167 0
-150 -168 0
-150 -169 0
-150 -170 0
-150 -171 0
-150 -172 0
-150 -173 0
-150 -174 0
-150 -175 0
-150 -176 0
-150 -177 0
-150 -178 0
-150 -179 0
